<?xml version="1.0" encoding="UTF-8"?>
<coverage generated="1747109345230" clover="3.2.0">
  <project timestamp="1747109345230" name="All files">
    <metrics statements="3" coveredstatements="2" conditionals="2" coveredconditionals="2" methods="2" coveredmethods="1" elements="7" coveredelements="5" complexity="0" loc="3" ncloc="3" packages="1" files="1" classes="1"/>
    <file name="ProductCard.jsx" path="C:\Users\victo\OneDrive\Documentos\Univalle\Sexto semestre\DSII\class_smart\src\components\products\ProductCard.jsx">
      <metrics statements="3" coveredstatements="2" conditionals="2" coveredconditionals="2" methods="2" coveredmethods="1"/>
      <line num="5" count="1" type="stmt"/>
      <line num="7" count="1" type="stmt"/>
      <line num="12" count="0" type="stmt"/>
    </file>
  </project>
</coverage>
