{"/home/paelsam/Documents/DSII/class_smart/src/App.jsx": {"path":"/home/paelsam/Documents/DSII/class_smart/src/App.jsx","statementMap":{"0":{"start":{"line":33,"column":2},"end":{"line":116,"column":3}}},"fnMap":{"0":{"name":"App","decl":{"start":{"line":31,"column":9},"end":{"line":31,"column":12}},"loc":{"start":{"line":31,"column":15},"end":{"line":117,"column":1}},"line":31}},"branchMap":{},"s":{"0":0},"f":{"0":0},"b":{}}
,"/home/paelsam/Documents/DSII/class_smart/src/main.jsx": {"path":"/home/paelsam/Documents/DSII/class_smart/src/main.jsx","statementMap":{"0":{"start":{"line":6,"column":0},"end":{"line":10,"column":1}}},"fnMap":{},"branchMap":{},"s":{"0":0},"f":{},"b":{}}
,"/home/paelsam/Documents/DSII/class_smart/src/api/categories.api.js": {"path":"/home/paelsam/Documents/DSII/class_smart/src/api/categories.api.js","statementMap":{"0":{"start":{"line":2,"column":21},"end":{"line":4,"column":2}},"1":{"start":{"line":6,"column":32},"end":{"line":6,"column":73}},"2":{"start":{"line":6,"column":38},"end":{"line":6,"column":73}},"3":{"start":{"line":8,"column":28},"end":{"line":8,"column":78}},"4":{"start":{"line":8,"column":36},"end":{"line":8,"column":78}},"5":{"start":{"line":10,"column":31},"end":{"line":17,"column":1}},"6":{"start":{"line":11,"column":4},"end":{"line":16,"column":7}},"7":{"start":{"line":19,"column":31},"end":{"line":26,"column":1}},"8":{"start":{"line":20,"column":4},"end":{"line":25,"column":7}},"9":{"start":{"line":28,"column":31},"end":{"line":35,"column":1}},"10":{"start":{"line":29,"column":4},"end":{"line":34,"column":7}}},"fnMap":{"0":{"name":"(anonymous_0)","decl":{"start":{"line":6,"column":32},"end":{"line":6,"column":33}},"loc":{"start":{"line":6,"column":38},"end":{"line":6,"column":73}},"line":6},"1":{"name":"(anonymous_1)","decl":{"start":{"line":8,"column":28},"end":{"line":8,"column":29}},"loc":{"start":{"line":8,"column":36},"end":{"line":8,"column":78}},"line":8},"2":{"name":"(anonymous_2)","decl":{"start":{"line":10,"column":31},"end":{"line":10,"column":32}},"loc":{"start":{"line":10,"column":50},"end":{"line":17,"column":1}},"line":10},"3":{"name":"(anonymous_3)","decl":{"start":{"line":19,"column":31},"end":{"line":19,"column":32}},"loc":{"start":{"line":19,"column":39},"end":{"line":26,"column":1}},"line":19},"4":{"name":"(anonymous_4)","decl":{"start":{"line":28,"column":31},"end":{"line":28,"column":32}},"loc":{"start":{"line":28,"column":46},"end":{"line":35,"column":1}},"line":28}},"branchMap":{},"s":{"0":0,"1":0,"2":0,"3":0,"4":0,"5":0,"6":0,"7":0,"8":0,"9":0,"10":0},"f":{"0":0,"1":0,"2":0,"3":0,"4":0},"b":{}}
,"/home/paelsam/Documents/DSII/class_smart/src/api/dashboard.api.js": {"path":"/home/paelsam/Documents/DSII/class_smart/src/api/dashboard.api.js","statementMap":{"0":{"start":{"line":2,"column":21},"end":{"line":4,"column":2}},"1":{"start":{"line":5,"column":34},"end":{"line":8,"column":5}},"2":{"start":{"line":5,"column":38},"end":{"line":8,"column":5}},"3":{"start":{"line":10,"column":32},"end":{"line":13,"column":5}},"4":{"start":{"line":10,"column":36},"end":{"line":13,"column":5}},"5":{"start":{"line":15,"column":27},"end":{"line":18,"column":5}},"6":{"start":{"line":15,"column":31},"end":{"line":18,"column":5}},"7":{"start":{"line":20,"column":35},"end":{"line":23,"column":5}},"8":{"start":{"line":20,"column":39},"end":{"line":23,"column":5}},"9":{"start":{"line":25,"column":39},"end":{"line":28,"column":5}},"10":{"start":{"line":25,"column":43},"end":{"line":28,"column":5}},"11":{"start":{"line":30,"column":31},"end":{"line":33,"column":5}},"12":{"start":{"line":30,"column":35},"end":{"line":33,"column":5}},"13":{"start":{"line":35,"column":29},"end":{"line":38,"column":5}},"14":{"start":{"line":35,"column":33},"end":{"line":38,"column":5}}},"fnMap":{"0":{"name":"(anonymous_0)","decl":{"start":{"line":5,"column":34},"end":{"line":5,"column":35}},"loc":{"start":{"line":5,"column":38},"end":{"line":8,"column":5}},"line":5},"1":{"name":"(anonymous_1)","decl":{"start":{"line":10,"column":32},"end":{"line":10,"column":33}},"loc":{"start":{"line":10,"column":36},"end":{"line":13,"column":5}},"line":10},"2":{"name":"(anonymous_2)","decl":{"start":{"line":15,"column":27},"end":{"line":15,"column":28}},"loc":{"start":{"line":15,"column":31},"end":{"line":18,"column":5}},"line":15},"3":{"name":"(anonymous_3)","decl":{"start":{"line":20,"column":35},"end":{"line":20,"column":36}},"loc":{"start":{"line":20,"column":39},"end":{"line":23,"column":5}},"line":20},"4":{"name":"(anonymous_4)","decl":{"start":{"line":25,"column":39},"end":{"line":25,"column":40}},"loc":{"start":{"line":25,"column":43},"end":{"line":28,"column":5}},"line":25},"5":{"name":"(anonymous_5)","decl":{"start":{"line":30,"column":31},"end":{"line":30,"column":32}},"loc":{"start":{"line":30,"column":35},"end":{"line":33,"column":5}},"line":30},"6":{"name":"(anonymous_6)","decl":{"start":{"line":35,"column":29},"end":{"line":35,"column":30}},"loc":{"start":{"line":35,"column":33},"end":{"line":38,"column":5}},"line":35}},"branchMap":{},"s":{"0":0,"1":0,"2":0,"3":0,"4":0,"5":0,"6":0,"7":0,"8":0,"9":0,"10":0,"11":0,"12":0,"13":0,"14":0},"f":{"0":0,"1":0,"2":0,"3":0,"4":0,"5":0,"6":0},"b":{}}
,"/home/paelsam/Documents/DSII/class_smart/src/api/pedidos.api.js": {"path":"/home/paelsam/Documents/DSII/class_smart/src/api/pedidos.api.js","statementMap":{"0":{"start":{"line":2,"column":19},"end":{"line":4,"column":2}},"1":{"start":{"line":6,"column":29},"end":{"line":9,"column":5}},"2":{"start":{"line":6,"column":35},"end":{"line":9,"column":5}},"3":{"start":{"line":11,"column":38},"end":{"line":14,"column":5}},"4":{"start":{"line":11,"column":44},"end":{"line":14,"column":5}},"5":{"start":{"line":16,"column":25},"end":{"line":20,"column":5}},"6":{"start":{"line":16,"column":33},"end":{"line":20,"column":5}},"7":{"start":{"line":22,"column":33},"end":{"line":25,"column":5}},"8":{"start":{"line":22,"column":41},"end":{"line":25,"column":5}},"9":{"start":{"line":27,"column":28},"end":{"line":34,"column":1}},"10":{"start":{"line":28,"column":4},"end":{"line":33,"column":7}},"11":{"start":{"line":36,"column":30},"end":{"line":36,"column":121}},"12":{"start":{"line":36,"column":47},"end":{"line":36,"column":121}},"13":{"start":{"line":38,"column":28},"end":{"line":45,"column":1}},"14":{"start":{"line":39,"column":4},"end":{"line":44,"column":7}},"15":{"start":{"line":46,"column":26},"end":{"line":49,"column":5}},"16":{"start":{"line":46,"column":36},"end":{"line":49,"column":5}},"17":{"start":{"line":51,"column":36},"end":{"line":54,"column":5}},"18":{"start":{"line":51,"column":57},"end":{"line":54,"column":5}},"19":{"start":{"line":56,"column":36},"end":{"line":59,"column":5}},"20":{"start":{"line":56,"column":47},"end":{"line":59,"column":5}},"21":{"start":{"line":61,"column":38},"end":{"line":64,"column":5}},"22":{"start":{"line":61,"column":46},"end":{"line":64,"column":5}}},"fnMap":{"0":{"name":"(anonymous_0)","decl":{"start":{"line":6,"column":29},"end":{"line":6,"column":30}},"loc":{"start":{"line":6,"column":35},"end":{"line":9,"column":5}},"line":6},"1":{"name":"(anonymous_1)","decl":{"start":{"line":11,"column":38},"end":{"line":11,"column":39}},"loc":{"start":{"line":11,"column":44},"end":{"line":14,"column":5}},"line":11},"2":{"name":"(anonymous_2)","decl":{"start":{"line":16,"column":25},"end":{"line":16,"column":26}},"loc":{"start":{"line":16,"column":33},"end":{"line":20,"column":5}},"line":16},"3":{"name":"(anonymous_3)","decl":{"start":{"line":22,"column":33},"end":{"line":22,"column":34}},"loc":{"start":{"line":22,"column":41},"end":{"line":25,"column":5}},"line":22},"4":{"name":"(anonymous_4)","decl":{"start":{"line":27,"column":28},"end":{"line":27,"column":29}},"loc":{"start":{"line":27,"column":44},"end":{"line":34,"column":1}},"line":27},"5":{"name":"(anonymous_5)","decl":{"start":{"line":36,"column":30},"end":{"line":36,"column":31}},"loc":{"start":{"line":36,"column":47},"end":{"line":36,"column":121}},"line":36},"6":{"name":"(anonymous_6)","decl":{"start":{"line":38,"column":28},"end":{"line":38,"column":29}},"loc":{"start":{"line":38,"column":36},"end":{"line":45,"column":1}},"line":38},"7":{"name":"(anonymous_7)","decl":{"start":{"line":46,"column":26},"end":{"line":46,"column":27}},"loc":{"start":{"line":46,"column":36},"end":{"line":49,"column":5}},"line":46},"8":{"name":"(anonymous_8)","decl":{"start":{"line":51,"column":36},"end":{"line":51,"column":37}},"loc":{"start":{"line":51,"column":57},"end":{"line":54,"column":5}},"line":51},"9":{"name":"(anonymous_9)","decl":{"start":{"line":56,"column":36},"end":{"line":56,"column":37}},"loc":{"start":{"line":56,"column":47},"end":{"line":59,"column":5}},"line":56},"10":{"name":"(anonymous_10)","decl":{"start":{"line":61,"column":38},"end":{"line":61,"column":39}},"loc":{"start":{"line":61,"column":46},"end":{"line":64,"column":5}},"line":61}},"branchMap":{},"s":{"0":0,"1":0,"2":0,"3":0,"4":0,"5":0,"6":0,"7":0,"8":0,"9":0,"10":0,"11":0,"12":0,"13":0,"14":0,"15":0,"16":0,"17":0,"18":0,"19":0,"20":0,"21":0,"22":0},"f":{"0":0,"1":0,"2":0,"3":0,"4":0,"5":0,"6":0,"7":0,"8":0,"9":0,"10":0},"b":{}}
,"/home/paelsam/Documents/DSII/class_smart/src/api/products.api.js": {"path":"/home/paelsam/Documents/DSII/class_smart/src/api/products.api.js","statementMap":{"0":{"start":{"line":2,"column":20},"end":{"line":4,"column":2}},"1":{"start":{"line":6,"column":30},"end":{"line":6,"column":69}},"2":{"start":{"line":6,"column":36},"end":{"line":6,"column":69}},"3":{"start":{"line":9,"column":27},"end":{"line":13,"column":1}},"4":{"start":{"line":10,"column":4},"end":{"line":12,"column":8}},"5":{"start":{"line":15,"column":24},"end":{"line":15,"column":70}},"6":{"start":{"line":15,"column":30},"end":{"line":15,"column":70}},"7":{"start":{"line":17,"column":27},"end":{"line":21,"column":1}},"8":{"start":{"line":18,"column":4},"end":{"line":20,"column":8}},"9":{"start":{"line":23,"column":27},"end":{"line":28,"column":5}},"10":{"start":{"line":23,"column":34},"end":{"line":28,"column":5}},"11":{"start":{"line":30,"column":34},"end":{"line":35,"column":3}},"12":{"start":{"line":30,"column":59},"end":{"line":35,"column":3}},"13":{"start":{"line":39,"column":28},"end":{"line":39,"column":148}},"14":{"start":{"line":39,"column":59},"end":{"line":39,"column":148}},"15":{"start":{"line":41,"column":32},"end":{"line":41,"column":131}},"16":{"start":{"line":41,"column":47},"end":{"line":41,"column":131}},"17":{"start":{"line":43,"column":43},"end":{"line":45,"column":2}},"18":{"start":{"line":43,"column":67},"end":{"line":45,"column":2}},"19":{"start":{"line":47,"column":29},"end":{"line":47,"column":81}},"20":{"start":{"line":47,"column":37},"end":{"line":47,"column":81}},"21":{"start":{"line":49,"column":27},"end":{"line":49,"column":95}},"22":{"start":{"line":49,"column":33},"end":{"line":49,"column":95}},"23":{"start":{"line":51,"column":28},"end":{"line":51,"column":75}},"24":{"start":{"line":51,"column":36},"end":{"line":51,"column":75}},"25":{"start":{"line":53,"column":28},"end":{"line":53,"column":77}},"26":{"start":{"line":53,"column":34},"end":{"line":53,"column":77}},"27":{"start":{"line":55,"column":29},"end":{"line":55,"column":66}},"28":{"start":{"line":55,"column":33},"end":{"line":55,"column":66}}},"fnMap":{"0":{"name":"(anonymous_0)","decl":{"start":{"line":6,"column":30},"end":{"line":6,"column":31}},"loc":{"start":{"line":6,"column":36},"end":{"line":6,"column":69}},"line":6},"1":{"name":"(anonymous_1)","decl":{"start":{"line":9,"column":27},"end":{"line":9,"column":28}},"loc":{"start":{"line":9,"column":38},"end":{"line":13,"column":1}},"line":9},"2":{"name":"(anonymous_2)","decl":{"start":{"line":15,"column":24},"end":{"line":15,"column":25}},"loc":{"start":{"line":15,"column":30},"end":{"line":15,"column":70}},"line":15},"3":{"name":"(anonymous_3)","decl":{"start":{"line":17,"column":27},"end":{"line":17,"column":28}},"loc":{"start":{"line":17,"column":42},"end":{"line":21,"column":1}},"line":17},"4":{"name":"(anonymous_4)","decl":{"start":{"line":23,"column":27},"end":{"line":23,"column":28}},"loc":{"start":{"line":23,"column":34},"end":{"line":28,"column":5}},"line":23},"5":{"name":"(anonymous_5)","decl":{"start":{"line":30,"column":34},"end":{"line":30,"column":35}},"loc":{"start":{"line":30,"column":59},"end":{"line":35,"column":3}},"line":30},"6":{"name":"(anonymous_6)","decl":{"start":{"line":39,"column":28},"end":{"line":39,"column":29}},"loc":{"start":{"line":39,"column":59},"end":{"line":39,"column":148}},"line":39},"7":{"name":"(anonymous_7)","decl":{"start":{"line":41,"column":32},"end":{"line":41,"column":33}},"loc":{"start":{"line":41,"column":47},"end":{"line":41,"column":131}},"line":41},"8":{"name":"(anonymous_8)","decl":{"start":{"line":43,"column":43},"end":{"line":43,"column":44}},"loc":{"start":{"line":43,"column":67},"end":{"line":45,"column":2}},"line":43},"9":{"name":"(anonymous_9)","decl":{"start":{"line":47,"column":29},"end":{"line":47,"column":30}},"loc":{"start":{"line":47,"column":37},"end":{"line":47,"column":81}},"line":47},"10":{"name":"(anonymous_10)","decl":{"start":{"line":49,"column":27},"end":{"line":49,"column":28}},"loc":{"start":{"line":49,"column":33},"end":{"line":49,"column":95}},"line":49},"11":{"name":"(anonymous_11)","decl":{"start":{"line":51,"column":28},"end":{"line":51,"column":29}},"loc":{"start":{"line":51,"column":36},"end":{"line":51,"column":75}},"line":51},"12":{"name":"(anonymous_12)","decl":{"start":{"line":53,"column":28},"end":{"line":53,"column":29}},"loc":{"start":{"line":53,"column":34},"end":{"line":53,"column":77}},"line":53},"13":{"name":"(anonymous_13)","decl":{"start":{"line":55,"column":29},"end":{"line":55,"column":30}},"loc":{"start":{"line":55,"column":33},"end":{"line":55,"column":66}},"line":55}},"branchMap":{},"s":{"0":0,"1":0,"2":0,"3":0,"4":0,"5":0,"6":0,"7":0,"8":0,"9":0,"10":0,"11":0,"12":0,"13":0,"14":0,"15":0,"16":0,"17":0,"18":0,"19":0,"20":0,"21":0,"22":0,"23":0,"24":0,"25":0,"26":0,"27":0,"28":0},"f":{"0":0,"1":0,"2":0,"3":0,"4":0,"5":0,"6":0,"7":0,"8":0,"9":0,"10":0,"11":0,"12":0,"13":0},"b":{}}
,"/home/paelsam/Documents/DSII/class_smart/src/api/users.api.js": {"path":"/home/paelsam/Documents/DSII/class_smart/src/api/users.api.js","statementMap":{"0":{"start":{"line":4,"column":16},"end":{"line":6,"column":2}},"1":{"start":{"line":9,"column":27},"end":{"line":11,"column":5}},"2":{"start":{"line":9,"column":33},"end":{"line":11,"column":5}},"3":{"start":{"line":16,"column":26},"end":{"line":23,"column":1}},"4":{"start":{"line":17,"column":4},"end":{"line":22,"column":9}},"5":{"start":{"line":25,"column":21},"end":{"line":27,"column":5}},"6":{"start":{"line":25,"column":27},"end":{"line":27,"column":5}},"7":{"start":{"line":29,"column":24},"end":{"line":33,"column":1}},"8":{"start":{"line":30,"column":4},"end":{"line":32,"column":9}},"9":{"start":{"line":35,"column":24},"end":{"line":37,"column":5}},"10":{"start":{"line":35,"column":31},"end":{"line":37,"column":5}},"11":{"start":{"line":40,"column":25},"end":{"line":42,"column":5}},"12":{"start":{"line":40,"column":56},"end":{"line":42,"column":5}},"13":{"start":{"line":44,"column":19},"end":{"line":44,"column":55}},"14":{"start":{"line":44,"column":27},"end":{"line":44,"column":55}},"15":{"start":{"line":46,"column":27},"end":{"line":46,"column":71}},"16":{"start":{"line":46,"column":35},"end":{"line":46,"column":71}},"17":{"start":{"line":48,"column":27},"end":{"line":50,"column":3}},"18":{"start":{"line":48,"column":36},"end":{"line":50,"column":3}}},"fnMap":{"0":{"name":"(anonymous_0)","decl":{"start":{"line":9,"column":27},"end":{"line":9,"column":28}},"loc":{"start":{"line":9,"column":33},"end":{"line":11,"column":5}},"line":9},"1":{"name":"(anonymous_1)","decl":{"start":{"line":16,"column":26},"end":{"line":16,"column":27}},"loc":{"start":{"line":16,"column":34},"end":{"line":23,"column":1}},"line":16},"2":{"name":"(anonymous_2)","decl":{"start":{"line":25,"column":21},"end":{"line":25,"column":22}},"loc":{"start":{"line":25,"column":27},"end":{"line":27,"column":5}},"line":25},"3":{"name":"(anonymous_3)","decl":{"start":{"line":29,"column":24},"end":{"line":29,"column":25}},"loc":{"start":{"line":29,"column":32},"end":{"line":33,"column":1}},"line":29},"4":{"name":"(anonymous_4)","decl":{"start":{"line":35,"column":24},"end":{"line":35,"column":25}},"loc":{"start":{"line":35,"column":31},"end":{"line":37,"column":5}},"line":35},"5":{"name":"(anonymous_5)","decl":{"start":{"line":40,"column":25},"end":{"line":40,"column":26}},"loc":{"start":{"line":40,"column":56},"end":{"line":42,"column":5}},"line":40},"6":{"name":"(anonymous_6)","decl":{"start":{"line":44,"column":19},"end":{"line":44,"column":20}},"loc":{"start":{"line":44,"column":27},"end":{"line":44,"column":55}},"line":44},"7":{"name":"(anonymous_7)","decl":{"start":{"line":46,"column":27},"end":{"line":46,"column":28}},"loc":{"start":{"line":46,"column":35},"end":{"line":46,"column":71}},"line":46},"8":{"name":"(anonymous_8)","decl":{"start":{"line":48,"column":27},"end":{"line":48,"column":28}},"loc":{"start":{"line":48,"column":36},"end":{"line":50,"column":3}},"line":48}},"branchMap":{},"s":{"0":0,"1":0,"2":0,"3":0,"4":0,"5":0,"6":0,"7":0,"8":0,"9":0,"10":0,"11":0,"12":0,"13":0,"14":0,"15":0,"16":0,"17":0,"18":0},"f":{"0":0,"1":0,"2":0,"3":0,"4":0,"5":0,"6":0,"7":0,"8":0},"b":{}}
,"/home/paelsam/Documents/DSII/class_smart/src/components/categoria/CategoriaCard.jsx": {"path":"/home/paelsam/Documents/DSII/class_smart/src/components/categoria/CategoriaCard.jsx","statementMap":{"0":{"start":{"line":6,"column":23},"end":{"line":6,"column":36}},"1":{"start":{"line":8,"column":8},"end":{"line":21,"column":10}},"2":{"start":{"line":12,"column":16},"end":{"line":12,"column":57}}},"fnMap":{"0":{"name":"CategoriaCard","decl":{"start":{"line":4,"column":16},"end":{"line":4,"column":29}},"loc":{"start":{"line":4,"column":43},"end":{"line":22,"column":5}},"line":4},"1":{"name":"(anonymous_1)","decl":{"start":{"line":11,"column":21},"end":{"line":11,"column":22}},"loc":{"start":{"line":11,"column":25},"end":{"line":13,"column":13}},"line":11}},"branchMap":{},"s":{"0":2,"1":2,"2":1},"f":{"0":2,"1":1},"b":{},"_coverageSchema":"1a1c01bbd47fc00a2c39e90264f33305004495a9","hash":"90ce174cf78a95463b09435531305324b7009a97"}
,"/home/paelsam/Documents/DSII/class_smart/src/components/categoria/CategoriasList.jsx": {"path":"/home/paelsam/Documents/DSII/class_smart/src/components/categoria/CategoriasList.jsx","statementMap":{"0":{"start":{"line":6,"column":40},"end":{"line":6,"column":52}},"1":{"start":{"line":8,"column":4},"end":{"line":19,"column":11}},"2":{"start":{"line":9,"column":32},"end":{"line":16,"column":9}},"3":{"start":{"line":10,"column":12},"end":{"line":15,"column":13}},"4":{"start":{"line":11,"column":33},"end":{"line":11,"column":57}},"5":{"start":{"line":12,"column":16},"end":{"line":12,"column":45}},"6":{"start":{"line":14,"column":16},"end":{"line":14,"column":64}},"7":{"start":{"line":18,"column":8},"end":{"line":18,"column":26}},"8":{"start":{"line":21,"column":4},"end":{"line":28,"column":6}},"9":{"start":{"line":24,"column":8},"end":{"line":24,"column":66}}},"fnMap":{"0":{"name":"CategoriasList","decl":{"start":{"line":5,"column":16},"end":{"line":5,"column":30}},"loc":{"start":{"line":5,"column":33},"end":{"line":29,"column":1}},"line":5},"1":{"name":"(anonymous_1)","decl":{"start":{"line":8,"column":14},"end":{"line":8,"column":15}},"loc":{"start":{"line":8,"column":20},"end":{"line":19,"column":5}},"line":8},"2":{"name":"(anonymous_2)","decl":{"start":{"line":9,"column":32},"end":{"line":9,"column":33}},"loc":{"start":{"line":9,"column":44},"end":{"line":16,"column":9}},"line":9},"3":{"name":"(anonymous_3)","decl":{"start":{"line":23,"column":22},"end":{"line":23,"column":23}},"loc":{"start":{"line":24,"column":8},"end":{"line":24,"column":66}},"line":24}},"branchMap":{},"s":{"0":0,"1":0,"2":0,"3":0,"4":0,"5":0,"6":0,"7":0,"8":0,"9":0},"f":{"0":0,"1":0,"2":0,"3":0},"b":{}}
,"/home/paelsam/Documents/DSII/class_smart/src/components/categoria/CategoriasListFilter.jsx": {"path":"/home/paelsam/Documents/DSII/class_smart/src/components/categoria/CategoriasListFilter.jsx","statementMap":{"0":{"start":{"line":7,"column":40},"end":{"line":7,"column":52}},"1":{"start":{"line":8,"column":21},"end":{"line":8,"column":34}},"2":{"start":{"line":10,"column":4},"end":{"line":24,"column":11}},"3":{"start":{"line":11,"column":32},"end":{"line":21,"column":9}},"4":{"start":{"line":12,"column":12},"end":{"line":20,"column":13}},"5":{"start":{"line":13,"column":33},"end":{"line":13,"column":57}},"6":{"start":{"line":14,"column":41},"end":{"line":14,"column":113}},"7":{"start":{"line":14,"column":75},"end":{"line":14,"column":112}},"8":{"start":{"line":15,"column":16},"end":{"line":15,"column":48}},"9":{"start":{"line":16,"column":16},"end":{"line":16,"column":39}},"10":{"start":{"line":17,"column":16},"end":{"line":17,"column":49}},"11":{"start":{"line":19,"column":16},"end":{"line":19,"column":64}},"12":{"start":{"line":23,"column":8},"end":{"line":23,"column":26}},"13":{"start":{"line":26,"column":4},"end":{"line":43,"column":6}},"14":{"start":{"line":30,"column":16},"end":{"line":30,"column":74}},"15":{"start":{"line":35,"column":20},"end":{"line":35,"column":44}}},"fnMap":{"0":{"name":"CategoriasListFilter","decl":{"start":{"line":6,"column":16},"end":{"line":6,"column":36}},"loc":{"start":{"line":6,"column":47},"end":{"line":44,"column":1}},"line":6},"1":{"name":"(anonymous_1)","decl":{"start":{"line":10,"column":14},"end":{"line":10,"column":15}},"loc":{"start":{"line":10,"column":20},"end":{"line":24,"column":5}},"line":10},"2":{"name":"(anonymous_2)","decl":{"start":{"line":11,"column":32},"end":{"line":11,"column":33}},"loc":{"start":{"line":11,"column":44},"end":{"line":21,"column":9}},"line":11},"3":{"name":"(anonymous_3)","decl":{"start":{"line":14,"column":62},"end":{"line":14,"column":63}},"loc":{"start":{"line":14,"column":75},"end":{"line":14,"column":112}},"line":14},"4":{"name":"(anonymous_4)","decl":{"start":{"line":29,"column":28},"end":{"line":29,"column":29}},"loc":{"start":{"line":30,"column":16},"end":{"line":30,"column":74}},"line":30},"5":{"name":"(anonymous_5)","decl":{"start":{"line":34,"column":25},"end":{"line":34,"column":26}},"loc":{"start":{"line":34,"column":29},"end":{"line":36,"column":17}},"line":34}},"branchMap":{},"s":{"0":0,"1":0,"2":0,"3":0,"4":0,"5":0,"6":0,"7":0,"8":0,"9":0,"10":0,"11":0,"12":0,"13":0,"14":0,"15":0},"f":{"0":0,"1":0,"2":0,"3":0,"4":0,"5":0},"b":{}}
,"/home/paelsam/Documents/DSII/class_smart/src/components/categoria/Navigation.jsx": {"path":"/home/paelsam/Documents/DSII/class_smart/src/components/categoria/Navigation.jsx","statementMap":{"0":{"start":{"line":12,"column":46},"end":{"line":12,"column":67}},"1":{"start":{"line":14,"column":38},"end":{"line":14,"column":50}},"2":{"start":{"line":16,"column":2},"end":{"line":27,"column":8}},"3":{"start":{"line":19,"column":18},"end":{"line":19,"column":42}},"4":{"start":{"line":21,"column":6},"end":{"line":21,"column":29}},"5":{"start":{"line":25,"column":4},"end":{"line":25,"column":20}},"6":{"start":{"line":29,"column":19},"end":{"line":29,"column":32}},"7":{"start":{"line":31,"column":60},"end":{"line":31,"column":75}},"8":{"start":{"line":32,"column":62},"end":{"line":32,"column":77}},"9":{"start":{"line":33,"column":42},"end":{"line":33,"column":57}},"10":{"start":{"line":34,"column":38},"end":{"line":34,"column":50}},"11":{"start":{"line":36,"column":32},"end":{"line":39,"column":3}},"12":{"start":{"line":37,"column":4},"end":{"line":37,"column":53}},"13":{"start":{"line":38,"column":4},"end":{"line":38,"column":37}},"14":{"start":{"line":41,"column":33},"end":{"line":44,"column":3}},"15":{"start":{"line":42,"column":4},"end":{"line":42,"column":24}},"16":{"start":{"line":43,"column":4},"end":{"line":43,"column":55}},"17":{"start":{"line":46,"column":23},"end":{"line":54,"column":3}},"18":{"start":{"line":47,"column":4},"end":{"line":47,"column":23}},"19":{"start":{"line":49,"column":4},"end":{"line":49,"column":50}},"20":{"start":{"line":50,"column":4},"end":{"line":50,"column":31}},"21":{"start":{"line":51,"column":4},"end":{"line":51,"column":49}},"22":{"start":{"line":56,"column":2},"end":{"line":186,"column":3}},"23":{"start":{"line":87,"column":12},"end":{"line":88,"column":14}},"24":{"start":{"line":113,"column":27},"end":{"line":113,"column":57}},"25":{"start":{"line":129,"column":35},"end":{"line":129,"column":64}},"26":{"start":{"line":140,"column":33},"end":{"line":140,"column":66}},"27":{"start":{"line":148,"column":31},"end":{"line":148,"column":53}},"28":{"start":{"line":162,"column":12},"end":{"line":162,"column":49}},"29":{"start":{"line":163,"column":12},"end":{"line":163,"column":31}},"30":{"start":{"line":177,"column":14},"end":{"line":177,"column":42}}},"fnMap":{"0":{"name":"Navigation","decl":{"start":{"line":10,"column":16},"end":{"line":10,"column":26}},"loc":{"start":{"line":10,"column":29},"end":{"line":187,"column":1}},"line":10},"1":{"name":"(anonymous_1)","decl":{"start":{"line":16,"column":12},"end":{"line":16,"column":13}},"loc":{"start":{"line":16,"column":18},"end":{"line":27,"column":3}},"line":16},"2":{"name":"loadCategorias","decl":{"start":{"line":17,"column":19},"end":{"line":17,"column":33}},"loc":{"start":{"line":17,"column":36},"end":{"line":23,"column":5}},"line":17},"3":{"name":"(anonymous_3)","decl":{"start":{"line":36,"column":32},"end":{"line":36,"column":33}},"loc":{"start":{"line":36,"column":38},"end":{"line":39,"column":3}},"line":36},"4":{"name":"(anonymous_4)","decl":{"start":{"line":41,"column":33},"end":{"line":41,"column":34}},"loc":{"start":{"line":41,"column":40},"end":{"line":44,"column":3}},"line":41},"5":{"name":"(anonymous_5)","decl":{"start":{"line":46,"column":23},"end":{"line":46,"column":24}},"loc":{"start":{"line":46,"column":30},"end":{"line":54,"column":3}},"line":46},"6":{"name":"(anonymous_6)","decl":{"start":{"line":86,"column":21},"end":{"line":86,"column":22}},"loc":{"start":{"line":87,"column":12},"end":{"line":88,"column":14}},"line":87},"7":{"name":"(anonymous_7)","decl":{"start":{"line":113,"column":21},"end":{"line":113,"column":22}},"loc":{"start":{"line":113,"column":27},"end":{"line":113,"column":57}},"line":113},"8":{"name":"(anonymous_8)","decl":{"start":{"line":129,"column":28},"end":{"line":129,"column":29}},"loc":{"start":{"line":129,"column":35},"end":{"line":129,"column":64}},"line":129},"9":{"name":"(anonymous_9)","decl":{"start":{"line":140,"column":26},"end":{"line":140,"column":27}},"loc":{"start":{"line":140,"column":33},"end":{"line":140,"column":66}},"line":140},"10":{"name":"(anonymous_10)","decl":{"start":{"line":148,"column":25},"end":{"line":148,"column":26}},"loc":{"start":{"line":148,"column":31},"end":{"line":148,"column":53}},"line":148},"11":{"name":"(anonymous_11)","decl":{"start":{"line":161,"column":19},"end":{"line":161,"column":20}},"loc":{"start":{"line":161,"column":25},"end":{"line":164,"column":11}},"line":161},"12":{"name":"(anonymous_12)","decl":{"start":{"line":176,"column":21},"end":{"line":176,"column":22}},"loc":{"start":{"line":176,"column":27},"end":{"line":178,"column":13}},"line":176}},"branchMap":{"0":{"loc":{"start":{"line":87,"column":95},"end":{"line":87,"column":132}},"type":"cond-expr","locations":[{"start":{"line":87,"column":106},"end":{"line":87,"column":117}},{"start":{"line":87,"column":120},"end":{"line":87,"column":132}}],"line":87},"1":{"loc":{"start":{"line":121,"column":9},"end":{"line":155,"column":9}},"type":"binary-expr","locations":[{"start":{"line":121,"column":9},"end":{"line":121,"column":21}},{"start":{"line":122,"column":10},"end":{"line":154,"column":16}}],"line":121}},"s":{"0":0,"1":0,"2":0,"3":0,"4":0,"5":0,"6":0,"7":0,"8":0,"9":0,"10":0,"11":0,"12":0,"13":0,"14":0,"15":0,"16":0,"17":0,"18":0,"19":0,"20":0,"21":0,"22":0,"23":0,"24":0,"25":0,"26":0,"27":0,"28":0,"29":0,"30":0},"f":{"0":0,"1":0,"2":0,"3":0,"4":0,"5":0,"6":0,"7":0,"8":0,"9":0,"10":0,"11":0,"12":0},"b":{"0":[0,0],"1":[0,0]}}
,"/home/paelsam/Documents/DSII/class_smart/src/components/cliente/CarritoCard.jsx": {"path":"/home/paelsam/Documents/DSII/class_smart/src/components/cliente/CarritoCard.jsx","statementMap":{"0":{"start":{"line":8,"column":21},"end":{"line":8,"column":34}},"1":{"start":{"line":10,"column":33},"end":{"line":10,"column":73}},"2":{"start":{"line":11,"column":35},"end":{"line":11,"column":70}},"3":{"start":{"line":12,"column":16},"end":{"line":12,"column":39}},"4":{"start":{"line":16,"column":22},"end":{"line":44,"column":5}},"5":{"start":{"line":18,"column":8},"end":{"line":43,"column":9}},"6":{"start":{"line":20,"column":36},"end":{"line":20,"column":46}},"7":{"start":{"line":21,"column":40},"end":{"line":21,"column":51}},"8":{"start":{"line":24,"column":12},"end":{"line":39,"column":13}},"9":{"start":{"line":25,"column":26},"end":{"line":28,"column":17}},"10":{"start":{"line":34,"column":16},"end":{"line":34,"column":56}},"11":{"start":{"line":35,"column":16},"end":{"line":35,"column":52}},"12":{"start":{"line":37,"column":16},"end":{"line":37,"column":70}},"13":{"start":{"line":40,"column":12},"end":{"line":40,"column":55}},"14":{"start":{"line":41,"column":12},"end":{"line":41,"column":47}},"15":{"start":{"line":46,"column":20},"end":{"line":74,"column":5}},"16":{"start":{"line":48,"column":8},"end":{"line":73,"column":9}},"17":{"start":{"line":49,"column":32},"end":{"line":49,"column":42}},"18":{"start":{"line":50,"column":41},"end":{"line":50,"column":52}},"19":{"start":{"line":52,"column":12},"end":{"line":69,"column":13}},"20":{"start":{"line":53,"column":27},"end":{"line":57,"column":17}},"21":{"start":{"line":64,"column":17},"end":{"line":64,"column":56}},"22":{"start":{"line":65,"column":17},"end":{"line":65,"column":52}},"23":{"start":{"line":68,"column":16},"end":{"line":68,"column":71}},"24":{"start":{"line":70,"column":12},"end":{"line":70,"column":55}},"25":{"start":{"line":71,"column":12},"end":{"line":71,"column":47}},"26":{"start":{"line":83,"column":4},"end":{"line":137,"column":6}},"27":{"start":{"line":109,"column":12},"end":{"line":109,"column":24}},"28":{"start":{"line":120,"column":12},"end":{"line":120,"column":23}}},"fnMap":{"0":{"name":"CarritoCard","decl":{"start":{"line":6,"column":16},"end":{"line":6,"column":27}},"loc":{"start":{"line":6,"column":57},"end":{"line":138,"column":1}},"line":6},"1":{"name":"(anonymous_1)","decl":{"start":{"line":16,"column":22},"end":{"line":16,"column":23}},"loc":{"start":{"line":16,"column":32},"end":{"line":44,"column":5}},"line":16},"2":{"name":"(anonymous_2)","decl":{"start":{"line":46,"column":20},"end":{"line":46,"column":21}},"loc":{"start":{"line":46,"column":29},"end":{"line":74,"column":5}},"line":46},"3":{"name":"(anonymous_3)","decl":{"start":{"line":107,"column":17},"end":{"line":107,"column":18}},"loc":{"start":{"line":107,"column":21},"end":{"line":113,"column":9}},"line":107},"4":{"name":"(anonymous_4)","decl":{"start":{"line":118,"column":17},"end":{"line":118,"column":18}},"loc":{"start":{"line":118,"column":21},"end":{"line":124,"column":9}},"line":118}},"branchMap":{"0":{"loc":{"start":{"line":18,"column":8},"end":{"line":43,"column":9}},"type":"if","locations":[{"start":{"line":18,"column":8},"end":{"line":43,"column":9}},{"start":{},"end":{}}],"line":18},"1":{"loc":{"start":{"line":48,"column":8},"end":{"line":73,"column":9}},"type":"if","locations":[{"start":{"line":48,"column":8},"end":{"line":73,"column":9}},{"start":{},"end":{}}],"line":48},"2":{"loc":{"start":{"line":91,"column":13},"end":{"line":97,"column":13}},"type":"binary-expr","locations":[{"start":{"line":91,"column":13},"end":{"line":91,"column":34}},{"start":{"line":92,"column":16},"end":{"line":96,"column":18}}],"line":91}},"s":{"0":0,"1":0,"2":0,"3":0,"4":0,"5":0,"6":0,"7":0,"8":0,"9":0,"10":0,"11":0,"12":0,"13":0,"14":0,"15":0,"16":0,"17":0,"18":0,"19":0,"20":0,"21":0,"22":0,"23":0,"24":0,"25":0,"26":0,"27":0,"28":0},"f":{"0":0,"1":0,"2":0,"3":0,"4":0},"b":{"0":[0,0],"1":[0,0],"2":[0,0]}}
,"/home/paelsam/Documents/DSII/class_smart/src/components/cliente/CarritoList.jsx": {"path":"/home/paelsam/Documents/DSII/class_smart/src/components/cliente/CarritoList.jsx","statementMap":{"0":{"start":{"line":9,"column":34},"end":{"line":9,"column":46}},"1":{"start":{"line":13,"column":2},"end":{"line":35,"column":19}},"2":{"start":{"line":15,"column":6},"end":{"line":31,"column":7}},"3":{"start":{"line":20,"column":8},"end":{"line":25,"column":9}},"4":{"start":{"line":21,"column":22},"end":{"line":21,"column":59}},"5":{"start":{"line":23,"column":10},"end":{"line":23,"column":31}},"6":{"start":{"line":30,"column":8},"end":{"line":30,"column":48}},"7":{"start":{"line":34,"column":4},"end":{"line":34,"column":18}},"8":{"start":{"line":39,"column":2},"end":{"line":54,"column":3}},"9":{"start":{"line":42,"column":8},"end":{"line":42,"column":94}}},"fnMap":{"0":{"name":"CarritoList","decl":{"start":{"line":7,"column":16},"end":{"line":7,"column":27}},"loc":{"start":{"line":7,"column":60},"end":{"line":55,"column":1}},"line":7},"1":{"name":"(anonymous_1)","decl":{"start":{"line":13,"column":12},"end":{"line":13,"column":13}},"loc":{"start":{"line":13,"column":18},"end":{"line":35,"column":3}},"line":13},"2":{"name":"loadProducts","decl":{"start":{"line":14,"column":19},"end":{"line":14,"column":31}},"loc":{"start":{"line":14,"column":34},"end":{"line":33,"column":5}},"line":14},"3":{"name":"(anonymous_3)","decl":{"start":{"line":41,"column":55},"end":{"line":41,"column":56}},"loc":{"start":{"line":42,"column":8},"end":{"line":42,"column":94}},"line":42}},"branchMap":{"0":{"loc":{"start":{"line":20,"column":8},"end":{"line":25,"column":9}},"type":"if","locations":[{"start":{"line":20,"column":8},"end":{"line":25,"column":9}},{"start":{},"end":{}}],"line":20},"1":{"loc":{"start":{"line":41,"column":7},"end":{"line":49,"column":7}},"type":"cond-expr","locations":[{"start":{"line":41,"column":42},"end":{"line":43,"column":8}},{"start":{"line":44,"column":8},"end":{"line":47,"column":14}}],"line":41},"2":{"loc":{"start":{"line":41,"column":7},"end":{"line":41,"column":38}},"type":"binary-expr","locations":[{"start":{"line":41,"column":7},"end":{"line":41,"column":15}},{"start":{"line":41,"column":19},"end":{"line":41,"column":38}}],"line":41}},"s":{"0":0,"1":0,"2":0,"3":0,"4":0,"5":0,"6":0,"7":0,"8":0,"9":0},"f":{"0":0,"1":0,"2":0,"3":0},"b":{"0":[0,0],"1":[0,0],"2":[0,0]}}
,"/home/paelsam/Documents/DSII/class_smart/src/components/cliente/ClientCard.jsx": {"path":"/home/paelsam/Documents/DSII/class_smart/src/components/cliente/ClientCard.jsx","statementMap":{"0":{"start":{"line":10,"column":21},"end":{"line":10,"column":34}},"1":{"start":{"line":11,"column":40},"end":{"line":11,"column":55}},"2":{"start":{"line":12,"column":38},"end":{"line":12,"column":52}},"3":{"start":{"line":14,"column":4},"end":{"line":29,"column":11}},"4":{"start":{"line":16,"column":12},"end":{"line":26,"column":13}},"5":{"start":{"line":17,"column":31},"end":{"line":17,"column":72}},"6":{"start":{"line":18,"column":33},"end":{"line":18,"column":56}},"7":{"start":{"line":19,"column":42},"end":{"line":19,"column":139}},"8":{"start":{"line":19,"column":75},"end":{"line":19,"column":138}},"9":{"start":{"line":20,"column":16},"end":{"line":23,"column":17}},"10":{"start":{"line":21,"column":20},"end":{"line":21,"column":40}},"11":{"start":{"line":22,"column":20},"end":{"line":22,"column":55}},"12":{"start":{"line":25,"column":16},"end":{"line":25,"column":66}},"13":{"start":{"line":28,"column":8},"end":{"line":28,"column":25}},"14":{"start":{"line":31,"column":27},"end":{"line":77,"column":5}},"15":{"start":{"line":32,"column":8},"end":{"line":76,"column":9}},"16":{"start":{"line":33,"column":12},"end":{"line":33,"column":30}},"17":{"start":{"line":35,"column":25},"end":{"line":35,"column":82}},"18":{"start":{"line":36,"column":12},"end":{"line":36,"column":34}},"19":{"start":{"line":37,"column":12},"end":{"line":37,"column":56}},"20":{"start":{"line":39,"column":30},"end":{"line":39,"column":39}},"21":{"start":{"line":40,"column":34},"end":{"line":40,"column":86}},"22":{"start":{"line":40,"column":60},"end":{"line":40,"column":85}},"23":{"start":{"line":42,"column":12},"end":{"line":75,"column":13}},"24":{"start":{"line":43,"column":32},"end":{"line":47,"column":17}},"25":{"start":{"line":48,"column":16},"end":{"line":66,"column":17}},"26":{"start":{"line":49,"column":32},"end":{"line":49,"column":62}},"27":{"start":{"line":50,"column":20},"end":{"line":50,"column":36}},"28":{"start":{"line":51,"column":20},"end":{"line":57,"column":23}},"29":{"start":{"line":59,"column":20},"end":{"line":65,"column":22}},"30":{"start":{"line":68,"column":16},"end":{"line":74,"column":18}},"31":{"start":{"line":79,"column":28},"end":{"line":122,"column":5}},"32":{"start":{"line":80,"column":8},"end":{"line":121,"column":9}},"33":{"start":{"line":82,"column":12},"end":{"line":98,"column":13}},"34":{"start":{"line":83,"column":16},"end":{"line":83,"column":39}},"35":{"start":{"line":84,"column":16},"end":{"line":84,"column":42}},"36":{"start":{"line":85,"column":16},"end":{"line":85,"column":51}},"37":{"start":{"line":86,"column":16},"end":{"line":86,"column":37}},"38":{"start":{"line":88,"column":16},"end":{"line":94,"column":18}},"39":{"start":{"line":96,"column":16},"end":{"line":96,"column":37}},"40":{"start":{"line":97,"column":16},"end":{"line":97,"column":74}},"41":{"start":{"line":101,"column":12},"end":{"line":120,"column":13}},"42":{"start":{"line":102,"column":30},"end":{"line":105,"column":17}},"43":{"start":{"line":106,"column":28},"end":{"line":106,"column":57}},"44":{"start":{"line":107,"column":16},"end":{"line":107,"column":39}},"45":{"start":{"line":108,"column":16},"end":{"line":108,"column":38}},"46":{"start":{"line":109,"column":16},"end":{"line":109,"column":39}},"47":{"start":{"line":110,"column":16},"end":{"line":110,"column":36}},"48":{"start":{"line":111,"column":16},"end":{"line":117,"column":18}},"49":{"start":{"line":119,"column":16},"end":{"line":119,"column":71}},"50":{"start":{"line":124,"column":4},"end":{"line":168,"column":6}}},"fnMap":{"0":{"name":"ClientCard","decl":{"start":{"line":9,"column":16},"end":{"line":9,"column":26}},"loc":{"start":{"line":9,"column":40},"end":{"line":169,"column":1}},"line":9},"1":{"name":"(anonymous_1)","decl":{"start":{"line":14,"column":14},"end":{"line":14,"column":15}},"loc":{"start":{"line":14,"column":20},"end":{"line":29,"column":5}},"line":14},"2":{"name":"fetchFavoritos","decl":{"start":{"line":15,"column":23},"end":{"line":15,"column":37}},"loc":{"start":{"line":15,"column":41},"end":{"line":27,"column":9}},"line":15},"3":{"name":"(anonymous_3)","decl":{"start":{"line":19,"column":63},"end":{"line":19,"column":64}},"loc":{"start":{"line":19,"column":75},"end":{"line":19,"column":138}},"line":19},"4":{"name":"(anonymous_4)","decl":{"start":{"line":31,"column":27},"end":{"line":31,"column":28}},"loc":{"start":{"line":31,"column":39},"end":{"line":77,"column":5}},"line":31},"5":{"name":"(anonymous_5)","decl":{"start":{"line":40,"column":49},"end":{"line":40,"column":50}},"loc":{"start":{"line":40,"column":60},"end":{"line":40,"column":85}},"line":40},"6":{"name":"(anonymous_6)","decl":{"start":{"line":79,"column":28},"end":{"line":79,"column":29}},"loc":{"start":{"line":79,"column":40},"end":{"line":122,"column":5}},"line":79}},"branchMap":{"0":{"loc":{"start":{"line":19,"column":75},"end":{"line":19,"column":138}},"type":"binary-expr","locations":[{"start":{"line":19,"column":75},"end":{"line":19,"column":102}},{"start":{"line":19,"column":106},"end":{"line":19,"column":138}}],"line":19},"1":{"loc":{"start":{"line":20,"column":16},"end":{"line":23,"column":17}},"type":"if","locations":[{"start":{"line":20,"column":16},"end":{"line":23,"column":17}},{"start":{},"end":{}}],"line":20},"2":{"loc":{"start":{"line":32,"column":8},"end":{"line":76,"column":9}},"type":"if","locations":[{"start":{"line":32,"column":8},"end":{"line":76,"column":9}},{"start":{"line":34,"column":15},"end":{"line":76,"column":9}}],"line":32},"3":{"loc":{"start":{"line":42,"column":12},"end":{"line":75,"column":13}},"type":"if","locations":[{"start":{"line":42,"column":12},"end":{"line":75,"column":13}},{"start":{"line":67,"column":19},"end":{"line":75,"column":13}}],"line":42},"4":{"loc":{"start":{"line":80,"column":8},"end":{"line":121,"column":9}},"type":"if","locations":[{"start":{"line":80,"column":8},"end":{"line":121,"column":9}},{"start":{"line":99,"column":15},"end":{"line":121,"column":9}}],"line":80},"5":{"loc":{"start":{"line":126,"column":13},"end":{"line":132,"column":21}},"type":"binary-expr","locations":[{"start":{"line":126,"column":13},"end":{"line":126,"column":23}},{"start":{"line":126,"column":27},"end":{"line":132,"column":21}}],"line":126},"6":{"loc":{"start":{"line":133,"column":13},"end":{"line":139,"column":21}},"type":"binary-expr","locations":[{"start":{"line":133,"column":13},"end":{"line":133,"column":24}},{"start":{"line":133,"column":28},"end":{"line":139,"column":21}}],"line":133},"7":{"loc":{"start":{"line":152,"column":13},"end":{"line":158,"column":13}},"type":"binary-expr","locations":[{"start":{"line":152,"column":13},"end":{"line":152,"column":34}},{"start":{"line":153,"column":16},"end":{"line":157,"column":18}}],"line":152}},"s":{"0":0,"1":0,"2":0,"3":0,"4":0,"5":0,"6":0,"7":0,"8":0,"9":0,"10":0,"11":0,"12":0,"13":0,"14":0,"15":0,"16":0,"17":0,"18":0,"19":0,"20":0,"21":0,"22":0,"23":0,"24":0,"25":0,"26":0,"27":0,"28":0,"29":0,"30":0,"31":0,"32":0,"33":0,"34":0,"35":0,"36":0,"37":0,"38":0,"39":0,"40":0,"41":0,"42":0,"43":0,"44":0,"45":0,"46":0,"47":0,"48":0,"49":0,"50":0},"f":{"0":0,"1":0,"2":0,"3":0,"4":0,"5":0,"6":0},"b":{"0":[0,0],"1":[0,0],"2":[0,0],"3":[0,0],"4":[0,0],"5":[0,0],"6":[0,0],"7":[0,0]}}
,"/home/paelsam/Documents/DSII/class_smart/src/components/cliente/ClientList.jsx": {"path":"/home/paelsam/Documents/DSII/class_smart/src/components/cliente/ClientList.jsx","statementMap":{"0":{"start":{"line":6,"column":34},"end":{"line":6,"column":46}},"1":{"start":{"line":8,"column":2},"end":{"line":32,"column":34}},"2":{"start":{"line":10,"column":6},"end":{"line":28,"column":7}},"3":{"start":{"line":13,"column":8},"end":{"line":13,"column":35}},"4":{"start":{"line":15,"column":8},"end":{"line":25,"column":9}},"5":{"start":{"line":17,"column":22},"end":{"line":17,"column":70}},"6":{"start":{"line":19,"column":10},"end":{"line":19,"column":43}},"7":{"start":{"line":22,"column":22},"end":{"line":22,"column":70}},"8":{"start":{"line":24,"column":10},"end":{"line":24,"column":43}},"9":{"start":{"line":27,"column":8},"end":{"line":27,"column":48}},"10":{"start":{"line":31,"column":4},"end":{"line":31,"column":18}},"11":{"start":{"line":34,"column":2},"end":{"line":41,"column":3}},"12":{"start":{"line":37,"column":8},"end":{"line":37,"column":57}}},"fnMap":{"0":{"name":"ClientList","decl":{"start":{"line":4,"column":16},"end":{"line":4,"column":26}},"loc":{"start":{"line":4,"column":60},"end":{"line":42,"column":1}},"line":4},"1":{"name":"(anonymous_1)","decl":{"start":{"line":8,"column":12},"end":{"line":8,"column":13}},"loc":{"start":{"line":8,"column":18},"end":{"line":32,"column":3}},"line":8},"2":{"name":"loadProducts","decl":{"start":{"line":9,"column":19},"end":{"line":9,"column":31}},"loc":{"start":{"line":9,"column":34},"end":{"line":30,"column":5}},"line":9},"3":{"name":"(anonymous_3)","decl":{"start":{"line":36,"column":20},"end":{"line":36,"column":21}},"loc":{"start":{"line":37,"column":8},"end":{"line":37,"column":57}},"line":37}},"branchMap":{"0":{"loc":{"start":{"line":15,"column":8},"end":{"line":25,"column":9}},"type":"if","locations":[{"start":{"line":15,"column":8},"end":{"line":25,"column":9}},{"start":{"line":21,"column":15},"end":{"line":25,"column":9}}],"line":15},"1":{"loc":{"start":{"line":15,"column":12},"end":{"line":15,"column":63}},"type":"binary-expr","locations":[{"start":{"line":15,"column":12},"end":{"line":15,"column":37}},{"start":{"line":15,"column":41},"end":{"line":15,"column":63}}],"line":15}},"s":{"0":0,"1":0,"2":0,"3":0,"4":0,"5":0,"6":0,"7":0,"8":0,"9":0,"10":0,"11":0,"12":0},"f":{"0":0,"1":0,"2":0,"3":0},"b":{"0":[0,0],"1":[0,0]}}
,"/home/paelsam/Documents/DSII/class_smart/src/components/cliente/Navigation.jsx": {"path":"/home/paelsam/Documents/DSII/class_smart/src/components/cliente/Navigation.jsx","statementMap":{"0":{"start":{"line":14,"column":46},"end":{"line":14,"column":64}},"1":{"start":{"line":16,"column":38},"end":{"line":16,"column":50}},"2":{"start":{"line":18,"column":29},"end":{"line":21,"column":3}},"3":{"start":{"line":19,"column":4},"end":{"line":19,"column":47}},"4":{"start":{"line":24,"column":54},"end":{"line":24,"column":69}},"5":{"start":{"line":29,"column":2},"end":{"line":41,"column":8}},"6":{"start":{"line":32,"column":18},"end":{"line":32,"column":42}},"7":{"start":{"line":34,"column":6},"end":{"line":34,"column":29}},"8":{"start":{"line":39,"column":4},"end":{"line":39,"column":20}},"9":{"start":{"line":43,"column":19},"end":{"line":43,"column":32}},"10":{"start":{"line":45,"column":62},"end":{"line":45,"column":77}},"11":{"start":{"line":46,"column":42},"end":{"line":46,"column":57}},"12":{"start":{"line":47,"column":36},"end":{"line":47,"column":51}},"13":{"start":{"line":48,"column":38},"end":{"line":48,"column":50}},"14":{"start":{"line":52,"column":33},"end":{"line":55,"column":3}},"15":{"start":{"line":53,"column":4},"end":{"line":53,"column":24}},"16":{"start":{"line":54,"column":4},"end":{"line":54,"column":55}},"17":{"start":{"line":59,"column":23},"end":{"line":67,"column":3}},"18":{"start":{"line":60,"column":4},"end":{"line":60,"column":23}},"19":{"start":{"line":61,"column":4},"end":{"line":61,"column":50}},"20":{"start":{"line":62,"column":4},"end":{"line":62,"column":31}},"21":{"start":{"line":63,"column":4},"end":{"line":63,"column":60}},"22":{"start":{"line":69,"column":2},"end":{"line":288,"column":3}},"23":{"start":{"line":112,"column":30},"end":{"line":112,"column":63}},"24":{"start":{"line":113,"column":12},"end":{"line":117,"column":13}},"25":{"start":{"line":114,"column":14},"end":{"line":114,"column":69}},"26":{"start":{"line":116,"column":14},"end":{"line":116,"column":32}},"27":{"start":{"line":150,"column":37},"end":{"line":150,"column":66}},"28":{"start":{"line":161,"column":35},"end":{"line":161,"column":68}},"29":{"start":{"line":171,"column":33},"end":{"line":171,"column":55}},"30":{"start":{"line":186,"column":12},"end":{"line":186,"column":38}},"31":{"start":{"line":200,"column":16},"end":{"line":200,"column":53}},"32":{"start":{"line":201,"column":16},"end":{"line":201,"column":50}},"33":{"start":{"line":202,"column":16},"end":{"line":202,"column":36}},"34":{"start":{"line":221,"column":25},"end":{"line":221,"column":55}},"35":{"start":{"line":241,"column":36},"end":{"line":241,"column":63}},"36":{"start":{"line":242,"column":36},"end":{"line":242,"column":64}},"37":{"start":{"line":244,"column":32},"end":{"line":244,"column":51}},"38":{"start":{"line":250,"column":20},"end":{"line":250,"column":40}},"39":{"start":{"line":251,"column":20},"end":{"line":251,"column":40}},"40":{"start":{"line":252,"column":20},"end":{"line":252,"column":53}},"41":{"start":{"line":260,"column":18},"end":{"line":271,"column":23}},"42":{"start":{"line":263,"column":22},"end":{"line":263,"column":41}},"43":{"start":{"line":264,"column":22},"end":{"line":264,"column":70}},"44":{"start":{"line":265,"column":22},"end":{"line":265,"column":55}}},"fnMap":{"0":{"name":"Navigation","decl":{"start":{"line":12,"column":16},"end":{"line":12,"column":26}},"loc":{"start":{"line":12,"column":29},"end":{"line":289,"column":1}},"line":12},"1":{"name":"(anonymous_1)","decl":{"start":{"line":18,"column":29},"end":{"line":18,"column":30}},"loc":{"start":{"line":18,"column":35},"end":{"line":21,"column":3}},"line":18},"2":{"name":"(anonymous_2)","decl":{"start":{"line":29,"column":12},"end":{"line":29,"column":13}},"loc":{"start":{"line":29,"column":18},"end":{"line":41,"column":3}},"line":29},"3":{"name":"loadCategorias","decl":{"start":{"line":30,"column":19},"end":{"line":30,"column":33}},"loc":{"start":{"line":30,"column":36},"end":{"line":36,"column":5}},"line":30},"4":{"name":"(anonymous_4)","decl":{"start":{"line":52,"column":33},"end":{"line":52,"column":34}},"loc":{"start":{"line":52,"column":40},"end":{"line":55,"column":3}},"line":52},"5":{"name":"(anonymous_5)","decl":{"start":{"line":59,"column":23},"end":{"line":59,"column":24}},"loc":{"start":{"line":59,"column":30},"end":{"line":67,"column":3}},"line":59},"6":{"name":"(anonymous_6)","decl":{"start":{"line":111,"column":19},"end":{"line":111,"column":20}},"loc":{"start":{"line":111,"column":25},"end":{"line":119,"column":11}},"line":111},"7":{"name":"(anonymous_7)","decl":{"start":{"line":150,"column":30},"end":{"line":150,"column":31}},"loc":{"start":{"line":150,"column":37},"end":{"line":150,"column":66}},"line":150},"8":{"name":"(anonymous_8)","decl":{"start":{"line":161,"column":28},"end":{"line":161,"column":29}},"loc":{"start":{"line":161,"column":35},"end":{"line":161,"column":68}},"line":161},"9":{"name":"(anonymous_9)","decl":{"start":{"line":171,"column":27},"end":{"line":171,"column":28}},"loc":{"start":{"line":171,"column":33},"end":{"line":171,"column":55}},"line":171},"10":{"name":"(anonymous_10)","decl":{"start":{"line":185,"column":19},"end":{"line":185,"column":20}},"loc":{"start":{"line":185,"column":25},"end":{"line":187,"column":11}},"line":185},"11":{"name":"(anonymous_11)","decl":{"start":{"line":199,"column":23},"end":{"line":199,"column":24}},"loc":{"start":{"line":199,"column":29},"end":{"line":203,"column":15}},"line":199},"12":{"name":"(anonymous_12)","decl":{"start":{"line":221,"column":19},"end":{"line":221,"column":20}},"loc":{"start":{"line":221,"column":25},"end":{"line":221,"column":55}},"line":221},"13":{"name":"(anonymous_13)","decl":{"start":{"line":241,"column":30},"end":{"line":241,"column":31}},"loc":{"start":{"line":241,"column":36},"end":{"line":241,"column":63}},"line":241},"14":{"name":"(anonymous_14)","decl":{"start":{"line":242,"column":30},"end":{"line":242,"column":31}},"loc":{"start":{"line":242,"column":36},"end":{"line":242,"column":64}},"line":242},"15":{"name":"(anonymous_15)","decl":{"start":{"line":244,"column":25},"end":{"line":244,"column":26}},"loc":{"start":{"line":244,"column":32},"end":{"line":244,"column":51}},"line":244},"16":{"name":"(anonymous_16)","decl":{"start":{"line":249,"column":27},"end":{"line":249,"column":28}},"loc":{"start":{"line":249,"column":34},"end":{"line":253,"column":19}},"line":249},"17":{"name":"(anonymous_17)","decl":{"start":{"line":257,"column":32},"end":{"line":257,"column":33}},"loc":{"start":{"line":260,"column":18},"end":{"line":271,"column":23}},"line":260},"18":{"name":"(anonymous_18)","decl":{"start":{"line":262,"column":29},"end":{"line":262,"column":30}},"loc":{"start":{"line":262,"column":36},"end":{"line":267,"column":21}},"line":262}},"branchMap":{"0":{"loc":{"start":{"line":113,"column":12},"end":{"line":117,"column":13}},"type":"if","locations":[{"start":{"line":113,"column":12},"end":{"line":117,"column":13}},{"start":{"line":115,"column":19},"end":{"line":117,"column":13}}],"line":113},"1":{"loc":{"start":{"line":142,"column":10},"end":{"line":179,"column":11}},"type":"binary-expr","locations":[{"start":{"line":142,"column":10},"end":{"line":142,"column":22}},{"start":{"line":143,"column":12},"end":{"line":178,"column":18}}],"line":142},"2":{"loc":{"start":{"line":182,"column":9},"end":{"line":191,"column":9}},"type":"binary-expr","locations":[{"start":{"line":182,"column":9},"end":{"line":182,"column":43}},{"start":{"line":183,"column":10},"end":{"line":190,"column":19}}],"line":182},"3":{"loc":{"start":{"line":194,"column":9},"end":{"line":214,"column":16}},"type":"cond-expr","locations":[{"start":{"line":195,"column":10},"end":{"line":207,"column":16}},{"start":{"line":208,"column":13},"end":{"line":214,"column":15}}],"line":194},"4":{"loc":{"start":{"line":239,"column":13},"end":{"line":277,"column":13}},"type":"binary-expr","locations":[{"start":{"line":239,"column":13},"end":{"line":239,"column":31}},{"start":{"line":240,"column":14},"end":{"line":276,"column":20}}],"line":239}},"s":{"0":0,"1":0,"2":0,"3":0,"4":0,"5":0,"6":0,"7":0,"8":0,"9":0,"10":0,"11":0,"12":0,"13":0,"14":0,"15":0,"16":0,"17":0,"18":0,"19":0,"20":0,"21":0,"22":0,"23":0,"24":0,"25":0,"26":0,"27":0,"28":0,"29":0,"30":0,"31":0,"32":0,"33":0,"34":0,"35":0,"36":0,"37":0,"38":0,"39":0,"40":0,"41":0,"42":0,"43":0,"44":0},"f":{"0":0,"1":0,"2":0,"3":0,"4":0,"5":0,"6":0,"7":0,"8":0,"9":0,"10":0,"11":0,"12":0,"13":0,"14":0,"15":0,"16":0,"17":0,"18":0},"b":{"0":[0,0],"1":[0,0],"2":[0,0],"3":[0,0],"4":[0,0]}}
,"/home/paelsam/Documents/DSII/class_smart/src/components/cliente/NavigationCar.jsx": {"path":"/home/paelsam/Documents/DSII/class_smart/src/components/cliente/NavigationCar.jsx","statementMap":{"0":{"start":{"line":8,"column":42},"end":{"line":8,"column":57}},"1":{"start":{"line":9,"column":19},"end":{"line":9,"column":32}},"2":{"start":{"line":11,"column":2},"end":{"line":20,"column":9}},"3":{"start":{"line":13,"column":18},"end":{"line":13,"column":75}},"4":{"start":{"line":14,"column":6},"end":{"line":17,"column":7}},"5":{"start":{"line":15,"column":8},"end":{"line":15,"column":53}},"6":{"start":{"line":16,"column":8},"end":{"line":16,"column":30}},"7":{"start":{"line":19,"column":4},"end":{"line":19,"column":18}},"8":{"start":{"line":22,"column":30},"end":{"line":36,"column":3}},"9":{"start":{"line":23,"column":16},"end":{"line":23,"column":68}},"10":{"start":{"line":24,"column":4},"end":{"line":24,"column":21}},"11":{"start":{"line":25,"column":4},"end":{"line":31,"column":7}},"12":{"start":{"line":33,"column":4},"end":{"line":35,"column":13}},"13":{"start":{"line":34,"column":6},"end":{"line":34,"column":24}},"14":{"start":{"line":38,"column":26},"end":{"line":40,"column":3}},"15":{"start":{"line":39,"column":4},"end":{"line":39,"column":24}},"16":{"start":{"line":42,"column":2},"end":{"line":92,"column":4}},"17":{"start":{"line":71,"column":29},"end":{"line":77,"column":16}}},"fnMap":{"0":{"name":"NavigationCar","decl":{"start":{"line":7,"column":16},"end":{"line":7,"column":29}},"loc":{"start":{"line":7,"column":48},"end":{"line":93,"column":1}},"line":7},"1":{"name":"(anonymous_1)","decl":{"start":{"line":11,"column":12},"end":{"line":11,"column":13}},"loc":{"start":{"line":11,"column":18},"end":{"line":20,"column":3}},"line":11},"2":{"name":"loadCarrito","decl":{"start":{"line":12,"column":19},"end":{"line":12,"column":30}},"loc":{"start":{"line":12,"column":33},"end":{"line":18,"column":5}},"line":12},"3":{"name":"(anonymous_3)","decl":{"start":{"line":22,"column":30},"end":{"line":22,"column":31}},"loc":{"start":{"line":22,"column":42},"end":{"line":36,"column":3}},"line":22},"4":{"name":"(anonymous_4)","decl":{"start":{"line":33,"column":15},"end":{"line":33,"column":16}},"loc":{"start":{"line":33,"column":21},"end":{"line":35,"column":5}},"line":33},"5":{"name":"(anonymous_5)","decl":{"start":{"line":38,"column":26},"end":{"line":38,"column":27}},"loc":{"start":{"line":38,"column":32},"end":{"line":40,"column":3}},"line":38},"6":{"name":"(anonymous_6)","decl":{"start":{"line":71,"column":23},"end":{"line":71,"column":24}},"loc":{"start":{"line":71,"column":29},"end":{"line":77,"column":16}},"line":71}},"branchMap":{"0":{"loc":{"start":{"line":14,"column":6},"end":{"line":17,"column":7}},"type":"if","locations":[{"start":{"line":14,"column":6},"end":{"line":17,"column":7}},{"start":{},"end":{}}],"line":14},"1":{"loc":{"start":{"line":71,"column":29},"end":{"line":77,"column":16}},"type":"cond-expr","locations":[{"start":{"line":71,"column":44},"end":{"line":71,"column":65}},{"start":{"line":71,"column":68},"end":{"line":77,"column":16}}],"line":71}},"s":{"0":0,"1":0,"2":0,"3":0,"4":0,"5":0,"6":0,"7":0,"8":0,"9":0,"10":0,"11":0,"12":0,"13":0,"14":0,"15":0,"16":0,"17":0},"f":{"0":0,"1":0,"2":0,"3":0,"4":0,"5":0,"6":0},"b":{"0":[0,0],"1":[0,0]}}
,"/home/paelsam/Documents/DSII/class_smart/src/components/cliente/metodos_pago/Bancos.jsx": {"path":"/home/paelsam/Documents/DSII/class_smart/src/components/cliente/metodos_pago/Bancos.jsx","statementMap":{"0":{"start":{"line":13,"column":24},"end":{"line":13,"column":47}},"1":{"start":{"line":15,"column":15},"end":{"line":15,"column":28}},"2":{"start":{"line":17,"column":19},"end":{"line":34,"column":1}},"3":{"start":{"line":18,"column":1},"end":{"line":18,"column":20}},"4":{"start":{"line":19,"column":12},"end":{"line":19,"column":48}},"5":{"start":{"line":20,"column":2},"end":{"line":20,"column":18}},"6":{"start":{"line":23,"column":2},"end":{"line":31,"column":3}},"7":{"start":{"line":24,"column":18},"end":{"line":24,"column":84}},"8":{"start":{"line":25,"column":4},"end":{"line":25,"column":10}},"9":{"start":{"line":26,"column":23},"end":{"line":26,"column":72}},"10":{"start":{"line":27,"column":4},"end":{"line":27,"column":10}},"11":{"start":{"line":28,"column":21},"end":{"line":28,"column":393}},"12":{"start":{"line":29,"column":4},"end":{"line":29,"column":10}},"13":{"start":{"line":30,"column":13},"end":{"line":30,"column":160}},"14":{"start":{"line":32,"column":2},"end":{"line":32,"column":21}},"15":{"start":{"line":36,"column":2},"end":{"line":78,"column":3}},"16":{"start":{"line":42,"column":21},"end":{"line":42,"column":46}}},"fnMap":{"0":{"name":"Bancos","decl":{"start":{"line":11,"column":24},"end":{"line":11,"column":30}},"loc":{"start":{"line":11,"column":46},"end":{"line":79,"column":1}},"line":11},"1":{"name":"(anonymous_1)","decl":{"start":{"line":17,"column":19},"end":{"line":17,"column":20}},"loc":{"start":{"line":17,"column":24},"end":{"line":34,"column":1}},"line":17},"2":{"name":"(anonymous_2)","decl":{"start":{"line":42,"column":16},"end":{"line":42,"column":17}},"loc":{"start":{"line":42,"column":21},"end":{"line":42,"column":46}},"line":42}},"branchMap":{"0":{"loc":{"start":{"line":23,"column":2},"end":{"line":31,"column":3}},"type":"switch","locations":[{"start":{"line":24,"column":4},"end":{"line":25,"column":10}},{"start":{"line":26,"column":4},"end":{"line":27,"column":10}},{"start":{"line":28,"column":4},"end":{"line":29,"column":10}},{"start":{"line":30,"column":4},"end":{"line":30,"column":160}}],"line":23}},"s":{"0":0,"1":0,"2":0,"3":0,"4":0,"5":0,"6":0,"7":0,"8":0,"9":0,"10":0,"11":0,"12":0,"13":0,"14":0,"15":0,"16":0},"f":{"0":0,"1":0,"2":0},"b":{"0":[0,0,0,0]}}
,"/home/paelsam/Documents/DSII/class_smart/src/components/cliente/metodos_pago/Targetas.jsx": {"path":"/home/paelsam/Documents/DSII/class_smart/src/components/cliente/metodos_pago/Targetas.jsx","statementMap":{"0":{"start":{"line":16,"column":30},"end":{"line":16,"column":53}},"1":{"start":{"line":18,"column":50},"end":{"line":18,"column":65}},"2":{"start":{"line":20,"column":27},"end":{"line":20,"column":39}},"3":{"start":{"line":22,"column":17},"end":{"line":22,"column":30}},"4":{"start":{"line":24,"column":31},"end":{"line":30,"column":4}},"5":{"start":{"line":32,"column":23},"end":{"line":35,"column":3}},"6":{"start":{"line":33,"column":2},"end":{"line":33,"column":61}},"7":{"start":{"line":38,"column":23},"end":{"line":44,"column":3}},"8":{"start":{"line":39,"column":4},"end":{"line":39,"column":23}},"9":{"start":{"line":43,"column":4},"end":{"line":43,"column":29}},"10":{"start":{"line":46,"column":22},"end":{"line":58,"column":3}},"11":{"start":{"line":47,"column":4},"end":{"line":47,"column":23}},"12":{"start":{"line":48,"column":4},"end":{"line":48,"column":30}},"13":{"start":{"line":49,"column":14},"end":{"line":49,"column":50}},"14":{"start":{"line":50,"column":4},"end":{"line":53,"column":7}},"15":{"start":{"line":54,"column":4},"end":{"line":54,"column":25}},"16":{"start":{"line":56,"column":4},"end":{"line":56,"column":23}},"17":{"start":{"line":59,"column":2},"end":{"line":203,"column":3}},"18":{"start":{"line":65,"column":27},"end":{"line":65,"column":52}},"19":{"start":{"line":169,"column":43},"end":{"line":169,"column":91}},"20":{"start":{"line":169,"column":80},"end":{"line":169,"column":90}},"21":{"start":{"line":171,"column":20},"end":{"line":173,"column":21}},"22":{"start":{"line":172,"column":22},"end":{"line":172,"column":92}},"23":{"start":{"line":192,"column":31},"end":{"line":192,"column":57}}},"fnMap":{"0":{"name":"Targetas","decl":{"start":{"line":14,"column":24},"end":{"line":14,"column":32}},"loc":{"start":{"line":14,"column":51},"end":{"line":204,"column":1}},"line":14},"1":{"name":"(anonymous_1)","decl":{"start":{"line":32,"column":23},"end":{"line":32,"column":24}},"loc":{"start":{"line":32,"column":28},"end":{"line":35,"column":3}},"line":32},"2":{"name":"(anonymous_2)","decl":{"start":{"line":38,"column":23},"end":{"line":38,"column":24}},"loc":{"start":{"line":38,"column":30},"end":{"line":44,"column":3}},"line":38},"3":{"name":"(anonymous_3)","decl":{"start":{"line":46,"column":22},"end":{"line":46,"column":23}},"loc":{"start":{"line":46,"column":27},"end":{"line":58,"column":3}},"line":46},"4":{"name":"(anonymous_4)","decl":{"start":{"line":65,"column":20},"end":{"line":65,"column":21}},"loc":{"start":{"line":65,"column":27},"end":{"line":65,"column":52}},"line":65},"5":{"name":"(anonymous_5)","decl":{"start":{"line":168,"column":27},"end":{"line":168,"column":28}},"loc":{"start":{"line":168,"column":31},"end":{"line":177,"column":19}},"line":168},"6":{"name":"(anonymous_6)","decl":{"start":{"line":169,"column":73},"end":{"line":169,"column":74}},"loc":{"start":{"line":169,"column":80},"end":{"line":169,"column":90}},"line":169},"7":{"name":"(anonymous_7)","decl":{"start":{"line":192,"column":25},"end":{"line":192,"column":26}},"loc":{"start":{"line":192,"column":31},"end":{"line":192,"column":57}},"line":192}},"branchMap":{"0":{"loc":{"start":{"line":98,"column":9},"end":{"line":198,"column":9}},"type":"binary-expr","locations":[{"start":{"line":98,"column":9},"end":{"line":98,"column":25}},{"start":{"line":98,"column":30},"end":{"line":197,"column":14}}],"line":98},"1":{"loc":{"start":{"line":171,"column":20},"end":{"line":173,"column":21}},"type":"if","locations":[{"start":{"line":171,"column":20},"end":{"line":173,"column":21}},{"start":{},"end":{}}],"line":171}},"s":{"0":0,"1":0,"2":0,"3":0,"4":0,"5":0,"6":0,"7":0,"8":0,"9":0,"10":0,"11":0,"12":0,"13":0,"14":0,"15":0,"16":0,"17":0,"18":0,"19":0,"20":0,"21":0,"22":0,"23":0},"f":{"0":0,"1":0,"2":0,"3":0,"4":0,"5":0,"6":0,"7":0},"b":{"0":[0,0],"1":[0,0]}}
,"/home/paelsam/Documents/DSII/class_smart/src/components/login/EmailVerification.jsx": {"path":"/home/paelsam/Documents/DSII/class_smart/src/components/login/EmailVerification.jsx","statementMap":{"0":{"start":{"line":8,"column":20},"end":{"line":8,"column":31}},"1":{"start":{"line":9,"column":30},"end":{"line":9,"column":56}},"2":{"start":{"line":10,"column":17},"end":{"line":10,"column":30}},"3":{"start":{"line":12,"column":2},"end":{"line":23,"column":14}},"4":{"start":{"line":13,"column":24},"end":{"line":20,"column":5}},"5":{"start":{"line":14,"column":6},"end":{"line":19,"column":7}},"6":{"start":{"line":15,"column":8},"end":{"line":15,"column":45}},"7":{"start":{"line":16,"column":8},"end":{"line":16,"column":51}},"8":{"start":{"line":18,"column":8},"end":{"line":18,"column":46}},"9":{"start":{"line":22,"column":4},"end":{"line":22,"column":18}},"10":{"start":{"line":25,"column":2},"end":{"line":27,"column":11}}},"fnMap":{"0":{"name":"EmailVerification","decl":{"start":{"line":7,"column":16},"end":{"line":7,"column":33}},"loc":{"start":{"line":7,"column":36},"end":{"line":28,"column":1}},"line":7},"1":{"name":"(anonymous_1)","decl":{"start":{"line":12,"column":12},"end":{"line":12,"column":13}},"loc":{"start":{"line":12,"column":18},"end":{"line":23,"column":3}},"line":12},"2":{"name":"(anonymous_2)","decl":{"start":{"line":13,"column":24},"end":{"line":13,"column":25}},"loc":{"start":{"line":13,"column":36},"end":{"line":20,"column":5}},"line":13}},"branchMap":{},"s":{"0":0,"1":0,"2":0,"3":0,"4":0,"5":0,"6":0,"7":0,"8":0,"9":0,"10":0},"f":{"0":0,"1":0,"2":0},"b":{}}
,"/home/paelsam/Documents/DSII/class_smart/src/components/login/Register.jsx": {"path":"/home/paelsam/Documents/DSII/class_smart/src/components/login/Register.jsx","statementMap":{"0":{"start":{"line":9,"column":19},"end":{"line":9,"column":32}},"1":{"start":{"line":12,"column":36},"end":{"line":19,"column":6}},"2":{"start":{"line":21,"column":20},"end":{"line":21,"column":32}},"3":{"start":{"line":28,"column":25},"end":{"line":33,"column":5}},"4":{"start":{"line":29,"column":8},"end":{"line":32,"column":11}},"5":{"start":{"line":35,"column":25},"end":{"line":97,"column":5}},"6":{"start":{"line":36,"column":8},"end":{"line":36,"column":27}},"7":{"start":{"line":39,"column":8},"end":{"line":49,"column":9}},"8":{"start":{"line":40,"column":12},"end":{"line":47,"column":14}},"9":{"start":{"line":48,"column":12},"end":{"line":48,"column":19}},"10":{"start":{"line":51,"column":8},"end":{"line":60,"column":9}},"11":{"start":{"line":52,"column":12},"end":{"line":58,"column":15}},"12":{"start":{"line":59,"column":12},"end":{"line":59,"column":19}},"13":{"start":{"line":62,"column":8},"end":{"line":85,"column":9}},"14":{"start":{"line":64,"column":12},"end":{"line":70,"column":14}},"15":{"start":{"line":76,"column":12},"end":{"line":83,"column":14}},"16":{"start":{"line":87,"column":8},"end":{"line":94,"column":10}},"17":{"start":{"line":96,"column":8},"end":{"line":96,"column":27}},"18":{"start":{"line":99,"column":4},"end":{"line":164,"column":6}}},"fnMap":{"0":{"name":"Register","decl":{"start":{"line":7,"column":16},"end":{"line":7,"column":24}},"loc":{"start":{"line":7,"column":27},"end":{"line":165,"column":1}},"line":7},"1":{"name":"(anonymous_1)","decl":{"start":{"line":28,"column":25},"end":{"line":28,"column":26}},"loc":{"start":{"line":28,"column":32},"end":{"line":33,"column":5}},"line":28},"2":{"name":"(anonymous_2)","decl":{"start":{"line":35,"column":25},"end":{"line":35,"column":26}},"loc":{"start":{"line":35,"column":38},"end":{"line":97,"column":5}},"line":35}},"branchMap":{"0":{"loc":{"start":{"line":39,"column":8},"end":{"line":49,"column":9}},"type":"if","locations":[{"start":{"line":39,"column":8},"end":{"line":49,"column":9}},{"start":{},"end":{}}],"line":39},"1":{"loc":{"start":{"line":51,"column":8},"end":{"line":60,"column":9}},"type":"if","locations":[{"start":{"line":51,"column":8},"end":{"line":60,"column":9}},{"start":{},"end":{}}],"line":51},"2":{"loc":{"start":{"line":51,"column":12},"end":{"line":51,"column":59}},"type":"binary-expr","locations":[{"start":{"line":51,"column":12},"end":{"line":51,"column":28}},{"start":{"line":51,"column":32},"end":{"line":51,"column":59}}],"line":51}},"s":{"0":0,"1":0,"2":0,"3":0,"4":0,"5":0,"6":0,"7":0,"8":0,"9":0,"10":0,"11":0,"12":0,"13":0,"14":0,"15":0,"16":0,"17":0,"18":0},"f":{"0":0,"1":0,"2":0},"b":{"0":[0,0],"1":[0,0],"2":[0,0]}}
,"/home/paelsam/Documents/DSII/class_smart/src/components/pedidos/Navigation.jsx": {"path":"/home/paelsam/Documents/DSII/class_smart/src/components/pedidos/Navigation.jsx","statementMap":{"0":{"start":{"line":12,"column":46},"end":{"line":12,"column":64}},"1":{"start":{"line":14,"column":38},"end":{"line":14,"column":50}},"2":{"start":{"line":16,"column":2},"end":{"line":22,"column":8}},"3":{"start":{"line":18,"column":18},"end":{"line":18,"column":42}},"4":{"start":{"line":19,"column":6},"end":{"line":19,"column":29}},"5":{"start":{"line":21,"column":4},"end":{"line":21,"column":20}},"6":{"start":{"line":24,"column":19},"end":{"line":24,"column":32}},"7":{"start":{"line":26,"column":60},"end":{"line":26,"column":75}},"8":{"start":{"line":27,"column":62},"end":{"line":27,"column":77}},"9":{"start":{"line":28,"column":42},"end":{"line":28,"column":57}},"10":{"start":{"line":29,"column":38},"end":{"line":29,"column":50}},"11":{"start":{"line":30,"column":58},"end":{"line":30,"column":73}},"12":{"start":{"line":32,"column":32},"end":{"line":35,"column":3}},"13":{"start":{"line":33,"column":4},"end":{"line":33,"column":53}},"14":{"start":{"line":34,"column":4},"end":{"line":34,"column":37}},"15":{"start":{"line":37,"column":33},"end":{"line":40,"column":3}},"16":{"start":{"line":38,"column":4},"end":{"line":38,"column":24}},"17":{"start":{"line":39,"column":4},"end":{"line":39,"column":55}},"18":{"start":{"line":42,"column":31},"end":{"line":44,"column":3}},"19":{"start":{"line":43,"column":4},"end":{"line":43,"column":51}},"20":{"start":{"line":46,"column":23},"end":{"line":51,"column":3}},"21":{"start":{"line":47,"column":4},"end":{"line":47,"column":23}},"22":{"start":{"line":48,"column":4},"end":{"line":48,"column":50}},"23":{"start":{"line":49,"column":4},"end":{"line":49,"column":31}},"24":{"start":{"line":50,"column":4},"end":{"line":50,"column":62}},"25":{"start":{"line":53,"column":2},"end":{"line":223,"column":3}},"26":{"start":{"line":60,"column":12},"end":{"line":61,"column":14}},"27":{"start":{"line":81,"column":12},"end":{"line":82,"column":14}},"28":{"start":{"line":103,"column":27},"end":{"line":103,"column":57}},"29":{"start":{"line":118,"column":35},"end":{"line":118,"column":64}},"30":{"start":{"line":129,"column":33},"end":{"line":129,"column":66}},"31":{"start":{"line":138,"column":31},"end":{"line":138,"column":53}},"32":{"start":{"line":161,"column":34},"end":{"line":161,"column":63}},"33":{"start":{"line":162,"column":34},"end":{"line":162,"column":64}},"34":{"start":{"line":164,"column":30},"end":{"line":164,"column":49}},"35":{"start":{"line":170,"column":20},"end":{"line":170,"column":40}},"36":{"start":{"line":171,"column":20},"end":{"line":171,"column":51}},"37":{"start":{"line":179,"column":20},"end":{"line":179,"column":41}},"38":{"start":{"line":180,"column":20},"end":{"line":180,"column":51}},"39":{"start":{"line":188,"column":20},"end":{"line":188,"column":52}},"40":{"start":{"line":189,"column":20},"end":{"line":189,"column":51}},"41":{"start":{"line":197,"column":20},"end":{"line":197,"column":52}},"42":{"start":{"line":198,"column":20},"end":{"line":198,"column":51}},"43":{"start":{"line":215,"column":12},"end":{"line":215,"column":49}},"44":{"start":{"line":216,"column":12},"end":{"line":216,"column":31}}},"fnMap":{"0":{"name":"Navigation","decl":{"start":{"line":10,"column":16},"end":{"line":10,"column":26}},"loc":{"start":{"line":10,"column":29},"end":{"line":224,"column":1}},"line":10},"1":{"name":"(anonymous_1)","decl":{"start":{"line":16,"column":12},"end":{"line":16,"column":13}},"loc":{"start":{"line":16,"column":18},"end":{"line":22,"column":3}},"line":16},"2":{"name":"loadCategorias","decl":{"start":{"line":17,"column":19},"end":{"line":17,"column":33}},"loc":{"start":{"line":17,"column":36},"end":{"line":20,"column":5}},"line":17},"3":{"name":"(anonymous_3)","decl":{"start":{"line":32,"column":32},"end":{"line":32,"column":33}},"loc":{"start":{"line":32,"column":38},"end":{"line":35,"column":3}},"line":32},"4":{"name":"(anonymous_4)","decl":{"start":{"line":37,"column":33},"end":{"line":37,"column":34}},"loc":{"start":{"line":37,"column":40},"end":{"line":40,"column":3}},"line":37},"5":{"name":"(anonymous_5)","decl":{"start":{"line":42,"column":31},"end":{"line":42,"column":32}},"loc":{"start":{"line":42,"column":37},"end":{"line":44,"column":3}},"line":42},"6":{"name":"(anonymous_6)","decl":{"start":{"line":46,"column":23},"end":{"line":46,"column":24}},"loc":{"start":{"line":46,"column":30},"end":{"line":51,"column":3}},"line":46},"7":{"name":"(anonymous_7)","decl":{"start":{"line":59,"column":21},"end":{"line":59,"column":22}},"loc":{"start":{"line":60,"column":12},"end":{"line":61,"column":14}},"line":60},"8":{"name":"(anonymous_8)","decl":{"start":{"line":80,"column":21},"end":{"line":80,"column":22}},"loc":{"start":{"line":81,"column":12},"end":{"line":82,"column":14}},"line":81},"9":{"name":"(anonymous_9)","decl":{"start":{"line":103,"column":21},"end":{"line":103,"column":22}},"loc":{"start":{"line":103,"column":27},"end":{"line":103,"column":57}},"line":103},"10":{"name":"(anonymous_10)","decl":{"start":{"line":118,"column":28},"end":{"line":118,"column":29}},"loc":{"start":{"line":118,"column":35},"end":{"line":118,"column":64}},"line":118},"11":{"name":"(anonymous_11)","decl":{"start":{"line":129,"column":26},"end":{"line":129,"column":27}},"loc":{"start":{"line":129,"column":33},"end":{"line":129,"column":66}},"line":129},"12":{"name":"(anonymous_12)","decl":{"start":{"line":138,"column":25},"end":{"line":138,"column":26}},"loc":{"start":{"line":138,"column":31},"end":{"line":138,"column":53}},"line":138},"13":{"name":"(anonymous_13)","decl":{"start":{"line":161,"column":28},"end":{"line":161,"column":29}},"loc":{"start":{"line":161,"column":34},"end":{"line":161,"column":63}},"line":161},"14":{"name":"(anonymous_14)","decl":{"start":{"line":162,"column":28},"end":{"line":162,"column":29}},"loc":{"start":{"line":162,"column":34},"end":{"line":162,"column":64}},"line":162},"15":{"name":"(anonymous_15)","decl":{"start":{"line":164,"column":23},"end":{"line":164,"column":24}},"loc":{"start":{"line":164,"column":30},"end":{"line":164,"column":49}},"line":164},"16":{"name":"(anonymous_16)","decl":{"start":{"line":169,"column":27},"end":{"line":169,"column":28}},"loc":{"start":{"line":169,"column":33},"end":{"line":172,"column":19}},"line":169},"17":{"name":"(anonymous_17)","decl":{"start":{"line":178,"column":27},"end":{"line":178,"column":28}},"loc":{"start":{"line":178,"column":33},"end":{"line":181,"column":19}},"line":178},"18":{"name":"(anonymous_18)","decl":{"start":{"line":187,"column":27},"end":{"line":187,"column":28}},"loc":{"start":{"line":187,"column":33},"end":{"line":190,"column":19}},"line":187},"19":{"name":"(anonymous_19)","decl":{"start":{"line":196,"column":27},"end":{"line":196,"column":28}},"loc":{"start":{"line":196,"column":33},"end":{"line":199,"column":19}},"line":196},"20":{"name":"(anonymous_20)","decl":{"start":{"line":214,"column":19},"end":{"line":214,"column":20}},"loc":{"start":{"line":214,"column":25},"end":{"line":217,"column":11}},"line":214}},"branchMap":{"0":{"loc":{"start":{"line":60,"column":95},"end":{"line":60,"column":132}},"type":"cond-expr","locations":[{"start":{"line":60,"column":106},"end":{"line":60,"column":117}},{"start":{"line":60,"column":120},"end":{"line":60,"column":132}}],"line":60},"1":{"loc":{"start":{"line":81,"column":95},"end":{"line":81,"column":132}},"type":"cond-expr","locations":[{"start":{"line":81,"column":106},"end":{"line":81,"column":117}},{"start":{"line":81,"column":120},"end":{"line":81,"column":132}}],"line":81},"2":{"loc":{"start":{"line":110,"column":9},"end":{"line":146,"column":9}},"type":"binary-expr","locations":[{"start":{"line":110,"column":9},"end":{"line":110,"column":21}},{"start":{"line":111,"column":10},"end":{"line":145,"column":16}}],"line":110},"3":{"loc":{"start":{"line":159,"column":11},"end":{"line":205,"column":11}},"type":"binary-expr","locations":[{"start":{"line":159,"column":11},"end":{"line":159,"column":31}},{"start":{"line":160,"column":12},"end":{"line":204,"column":18}}],"line":159}},"s":{"0":0,"1":0,"2":0,"3":0,"4":0,"5":0,"6":0,"7":0,"8":0,"9":0,"10":0,"11":0,"12":0,"13":0,"14":0,"15":0,"16":0,"17":0,"18":0,"19":0,"20":0,"21":0,"22":0,"23":0,"24":0,"25":0,"26":0,"27":0,"28":0,"29":0,"30":0,"31":0,"32":0,"33":0,"34":0,"35":0,"36":0,"37":0,"38":0,"39":0,"40":0,"41":0,"42":0,"43":0,"44":0},"f":{"0":0,"1":0,"2":0,"3":0,"4":0,"5":0,"6":0,"7":0,"8":0,"9":0,"10":0,"11":0,"12":0,"13":0,"14":0,"15":0,"16":0,"17":0,"18":0,"19":0,"20":0},"b":{"0":[0,0],"1":[0,0],"2":[0,0],"3":[0,0]}}
,"/home/paelsam/Documents/DSII/class_smart/src/components/pedidos/PedidoCard.jsx": {"path":"/home/paelsam/Documents/DSII/class_smart/src/components/pedidos/PedidoCard.jsx","statementMap":{"0":{"start":{"line":8,"column":23},"end":{"line":8,"column":36}},"1":{"start":{"line":9,"column":38},"end":{"line":9,"column":52}},"2":{"start":{"line":11,"column":4},"end":{"line":22,"column":26}},"3":{"start":{"line":12,"column":26},"end":{"line":19,"column":9}},"4":{"start":{"line":13,"column":12},"end":{"line":18,"column":13}},"5":{"start":{"line":14,"column":33},"end":{"line":14,"column":63}},"6":{"start":{"line":15,"column":16},"end":{"line":15,"column":42}},"7":{"start":{"line":17,"column":16},"end":{"line":17,"column":61}},"8":{"start":{"line":21,"column":8},"end":{"line":21,"column":20}},"9":{"start":{"line":24,"column":8},"end":{"line":55,"column":10}},"10":{"start":{"line":29,"column":16},"end":{"line":29,"column":76}}},"fnMap":{"0":{"name":"PedidoCard","decl":{"start":{"line":6,"column":16},"end":{"line":6,"column":26}},"loc":{"start":{"line":6,"column":37},"end":{"line":56,"column":5}},"line":6},"1":{"name":"(anonymous_1)","decl":{"start":{"line":11,"column":14},"end":{"line":11,"column":15}},"loc":{"start":{"line":11,"column":20},"end":{"line":22,"column":5}},"line":11},"2":{"name":"(anonymous_2)","decl":{"start":{"line":12,"column":26},"end":{"line":12,"column":27}},"loc":{"start":{"line":12,"column":38},"end":{"line":19,"column":9}},"line":12},"3":{"name":"(anonymous_3)","decl":{"start":{"line":28,"column":21},"end":{"line":28,"column":22}},"loc":{"start":{"line":28,"column":25},"end":{"line":30,"column":13}},"line":28}},"branchMap":{"0":{"loc":{"start":{"line":36,"column":77},"end":{"line":36,"column":119}},"type":"cond-expr","locations":[{"start":{"line":36,"column":87},"end":{"line":36,"column":103}},{"start":{"line":36,"column":106},"end":{"line":36,"column":119}}],"line":36},"1":{"loc":{"start":{"line":46,"column":24},"end":{"line":46,"column":80}},"type":"cond-expr","locations":[{"start":{"line":46,"column":47},"end":{"line":46,"column":63}},{"start":{"line":46,"column":66},"end":{"line":46,"column":80}}],"line":46},"2":{"loc":{"start":{"line":49,"column":21},"end":{"line":49,"column":69}},"type":"cond-expr","locations":[{"start":{"line":49,"column":44},"end":{"line":49,"column":55}},{"start":{"line":49,"column":58},"end":{"line":49,"column":69}}],"line":49}},"s":{"0":0,"1":0,"2":0,"3":0,"4":0,"5":0,"6":0,"7":0,"8":0,"9":0,"10":0},"f":{"0":0,"1":0,"2":0,"3":0},"b":{"0":[0,0],"1":[0,0],"2":[0,0]}}
[...]
,"/home/paelsam/Documents/DSII/class_smart/src/pages/products/ProductFormPage.jsx": {"path":"/home/paelsam/Documents/DSII/class_smart/src/pages/products/ProductFormPage.jsx","statementMap":{"0":{"start":{"line":10,"column":19},"end":{"line":10,"column":32}},"1":{"start":{"line":11,"column":17},"end":{"line":11,"column":28}},"2":{"start":{"line":12,"column":70},"end":{"line":12,"column":79}},"3":{"start":{"line":14,"column":36},"end":{"line":14,"column":51}},"4":{"start":{"line":16,"column":19},"end":{"line":60,"column":4}},"5":{"start":{"line":17,"column":4},"end":{"line":59,"column":5}},"6":{"start":{"line":18,"column":23},"end":{"line":18,"column":47}},"7":{"start":{"line":19,"column":25},"end":{"line":19,"column":38}},"8":{"start":{"line":20,"column":18},"end":{"line":20,"column":95}},"9":{"start":{"line":20,"column":49},"end":{"line":20,"column":94}},"10":{"start":{"line":22,"column":6},"end":{"line":53,"column":7}},"11":{"start":{"line":23,"column":24},"end":{"line":31,"column":9}},"12":{"start":{"line":33,"column":8},"end":{"line":45,"column":9}},"13":{"start":{"line":34,"column":10},"end":{"line":34,"column":50}},"14":{"start":{"line":35,"column":10},"end":{"line":38,"column":13}},"15":{"start":{"line":40,"column":10},"end":{"line":40,"column":39}},"16":{"start":{"line":41,"column":10},"end":{"line":44,"column":13}},"17":{"start":{"line":46,"column":8},"end":{"line":46,"column":30}},"18":{"start":{"line":49,"column":8},"end":{"line":52,"column":11}},"19":{"start":{"line":55,"column":6},"end":{"line":58,"column":9}},"20":{"start":{"line":63,"column":28},"end":{"line":65,"column":3}},"21":{"start":{"line":64,"column":4},"end":{"line":64,"column":26}},"22":{"start":{"line":70,"column":2},"end":{"line":89,"column":28}},"23":{"start":{"line":72,"column":6},"end":{"line":86,"column":7}},"24":{"start":{"line":73,"column":20},"end":{"line":73,"column":47}},"25":{"start":{"line":74,"column":25},"end":{"line":74,"column":49}},"26":{"start":{"line":75,"column":27},"end":{"line":75,"column":40}},"27":{"start":{"line":76,"column":20},"end":{"line":76,"column":87}},"28":{"start":{"line":76,"column":51},"end":{"line":76,"column":86}},"29":{"start":{"line":78,"column":8},"end":{"line":78,"column":44}},"30":{"start":{"line":79,"column":8},"end":{"line":79,"column":44}},"31":{"start":{"line":80,"column":8},"end":{"line":80,"column":54}},"32":{"start":{"line":81,"column":8},"end":{"line":81,"column":74}},"33":{"start":{"line":82,"column":8},"end":{"line":82,"column":52}},"34":{"start":{"line":83,"column":8},"end":{"line":83,"column":70}},"35":{"start":{"line":88,"column":4},"end":{"line":88,"column":18}},"36":{"start":{"line":91,"column":2},"end":{"line":203,"column":4}},"37":{"start":{"line":178,"column":33},"end":{"line":178,"column":96}},"38":{"start":{"line":179,"column":16},"end":{"line":193,"column":17}},"39":{"start":{"line":180,"column":18},"end":{"line":192,"column":19}},"40":{"start":{"line":181,"column":20},"end":{"line":181,"column":51}},"41":{"start":{"line":182,"column":20},"end":{"line":185,"column":23}},"42":{"start":{"line":186,"column":20},"end":{"line":186,"column":42}},"43":{"start":{"line":188,"column":20},"end":{"line":191,"column":23}}},"fnMap":{"0":{"name":"ProductFormPage","decl":{"start":{"line":9,"column":16},"end":{"line":9,"column":31}},"loc":{"start":{"line":9,"column":34},"end":{"line":204,"column":1}},"line":9},"1":{"name":"(anonymous_1)","decl":{"start":{"line":16,"column":32},"end":{"line":16,"column":33}},"loc":{"start":{"line":16,"column":48},"end":{"line":60,"column":3}},"line":16},"2":{"name":"(anonymous_2)","decl":{"start":{"line":20,"column":34},"end":{"line":20,"column":35}},"loc":{"start":{"line":20,"column":49},"end":{"line":20,"column":94}},"line":20},"3":{"name":"(anonymous_3)","decl":{"start":{"line":63,"column":28},"end":{"line":63,"column":29}},"loc":{"start":{"line":63,"column":34},"end":{"line":65,"column":3}},"line":63},"4":{"name":"(anonymous_4)","decl":{"start":{"line":70,"column":12},"end":{"line":70,"column":13}},"loc":{"start":{"line":70,"column":18},"end":{"line":89,"column":3}},"line":70},"5":{"name":"loadProduct","decl":{"start":{"line":71,"column":19},"end":{"line":71,"column":30}},"loc":{"start":{"line":71,"column":33},"end":{"line":87,"column":5}},"line":71},"6":{"name":"(anonymous_6)","decl":{"start":{"line":76,"column":36},"end":{"line":76,"column":37}},"loc":{"start":{"line":76,"column":51},"end":{"line":76,"column":86}},"line":76},"7":{"name":"(anonymous_7)","decl":{"start":{"line":177,"column":23},"end":{"line":177,"column":24}},"loc":{"start":{"line":177,"column":35},"end":{"line":194,"column":15}},"line":177}},"branchMap":{"0":{"loc":{"start":{"line":22,"column":6},"end":{"line":53,"column":7}},"type":"if","locations":[{"start":{"line":22,"column":6},"end":{"line":53,"column":7}},{"start":{"line":48,"column":13},"end":{"line":53,"column":7}}],"line":22},"1":{"loc":{"start":{"line":33,"column":8},"end":{"line":45,"column":9}},"type":"if","locations":[{"start":{"line":33,"column":8},"end":{"line":45,"column":9}},{"start":{"line":39,"column":15},"end":{"line":45,"column":9}}],"line":33},"2":{"loc":{"start":{"line":72,"column":6},"end":{"line":86,"column":7}},"type":"if","locations":[{"start":{"line":72,"column":6},"end":{"line":86,"column":7}},{"start":{},"end":{}}],"line":72},"3":{"loc":{"start":{"line":174,"column":7},"end":{"line":198,"column":11}},"type":"binary-expr","locations":[{"start":{"line":174,"column":7},"end":{"line":174,"column":16}},{"start":{"line":175,"column":12},"end":{"line":197,"column":21}}],"line":174},"4":{"loc":{"start":{"line":179,"column":16},"end":{"line":193,"column":17}},"type":"if","locations":[{"start":{"line":179,"column":16},"end":{"line":193,"column":17}},{"start":{},"end":{}}],"line":179}},"s":{"0":0,"1":0,"2":0,"3":0,"4":0,"5":0,"6":0,"7":0,"8":0,"9":0,"10":0,"11":0,"12":0,"13":0,"14":0,"15":0,"16":0,"17":0,"18":0,"19":0,"20":0,"21":0,"22":0,"23":0,"24":0,"25":0,"26":0,"27":0,"28":0,"29":0,"30":0,"31":0,"32":0,"33":0,"34":0,"35":0,"36":0,"37":0,"38":0,"39":0,"40":0,"41":0,"42":0,"43":0},"f":{"0":0,"1":0,"2":0,"3":0,"4":0,"5":0,"6":0,"7":0},"b":{"0":[0,0],"1":[0,0],"2":[0,0],"3":[0,0],"4":[0,0]}}
,"/home/paelsam/Documents/DSII/class_smart/src/pages/products/ProductPage.jsx": {"path":"/home/paelsam/Documents/DSII/class_smart/src/pages/products/ProductPage.jsx","statementMap":{"0":{"start":{"line":6,"column":17},"end":{"line":6,"column":28}},"1":{"start":{"line":7,"column":30},"end":{"line":7,"column":36}},"2":{"start":{"line":8,"column":2},"end":{"line":8,"column":21}},"3":{"start":{"line":9,"column":2},"end":{"line":15,"column":3}}},"fnMap":{"0":{"name":"ProductPage","decl":{"start":{"line":5,"column":16},"end":{"line":5,"column":27}},"loc":{"start":{"line":5,"column":30},"end":{"line":16,"column":1}},"line":5}},"branchMap":{},"s":{"0":0,"1":0,"2":0,"3":0},"f":{"0":0},"b":{}}
,"/home/paelsam/Documents/DSII/class_smart/src/pages/users/UserFormPage.jsx": {"path":"/home/paelsam/Documents/DSII/class_smart/src/pages/users/UserFormPage.jsx","statementMap":{"0":{"start":{"line":12,"column":19},"end":{"line":12,"column":32}},"1":{"start":{"line":14,"column":17},"end":{"line":14,"column":28}},"2":{"start":{"line":16,"column":77},"end":{"line":16,"column":86}},"3":{"start":{"line":18,"column":21},"end":{"line":18,"column":39}},"4":{"start":{"line":21,"column":19},"end":{"line":21,"column":36}},"5":{"start":{"line":22,"column":26},"end":{"line":24,"column":3}},"6":{"start":{"line":23,"column":4},"end":{"line":23,"column":22}},"7":{"start":{"line":28,"column":19},"end":{"line":100,"column":4}},"8":{"start":{"line":30,"column":20},"end":{"line":38,"column":5}},"9":{"start":{"line":39,"column":4},"end":{"line":39,"column":24}},"10":{"start":{"line":40,"column":4},"end":{"line":94,"column":5}},"11":{"start":{"line":42,"column":6},"end":{"line":42,"column":28}},"12":{"start":{"line":44,"column":5},"end":{"line":64,"column":6}},"13":{"start":{"line":45,"column":6},"end":{"line":45,"column":32}},"14":{"start":{"line":46,"column":6},"end":{"line":53,"column":8}},"15":{"start":{"line":55,"column":6},"end":{"line":62,"column":8}},"16":{"start":{"line":67,"column":6},"end":{"line":67,"column":26}},"17":{"start":{"line":68,"column":6},"end":{"line":89,"column":7}},"18":{"start":{"line":69,"column":8},"end":{"line":69,"column":35}},"19":{"start":{"line":70,"column":8},"end":{"line":76,"column":11}},"20":{"start":{"line":80,"column":8},"end":{"line":80,"column":58}},"21":{"start":{"line":82,"column":8},"end":{"line":88,"column":11}},"22":{"start":{"line":97,"column":4},"end":{"line":97,"column":22}},"23":{"start":{"line":102,"column":2},"end":{"line":122,"column":8}},"24":{"start":{"line":104,"column":6},"end":{"line":104,"column":28}},"25":{"start":{"line":105,"column":6},"end":{"line":119,"column":7}},"26":{"start":{"line":106,"column":20},"end":{"line":106,"column":44}},"27":{"start":{"line":108,"column":8},"end":{"line":108,"column":47}},"28":{"start":{"line":109,"column":8},"end":{"line":109,"column":41}},"29":{"start":{"line":110,"column":8},"end":{"line":115,"column":21}},"30":{"start":{"line":121,"column":4},"end":{"line":121,"column":15}},"31":{"start":{"line":124,"column":2},"end":{"line":212,"column":3}},"32":{"start":{"line":161,"column":12},"end":{"line":161,"column":48}},"33":{"start":{"line":161,"column":37},"end":{"line":161,"column":48}},"34":{"start":{"line":162,"column":11},"end":{"line":162,"column":71}},"35":{"start":{"line":177,"column":33},"end":{"line":177,"column":97}},"36":{"start":{"line":178,"column":16},"end":{"line":199,"column":17}},"37":{"start":{"line":179,"column":18},"end":{"line":198,"column":19}},"38":{"start":{"line":180,"column":20},"end":{"line":180,"column":48}},"39":{"start":{"line":181,"column":20},"end":{"line":187,"column":22}},"40":{"start":{"line":188,"column":20},"end":{"line":188,"column":38}},"41":{"start":{"line":190,"column":20},"end":{"line":190,"column":38}},"42":{"start":{"line":191,"column":20},"end":{"line":197,"column":22}}},"fnMap":{"0":{"name":"UserFormPage","decl":{"start":{"line":11,"column":16},"end":{"line":11,"column":28}},"loc":{"start":{"line":11,"column":31},"end":{"line":213,"column":1}},"line":11},"1":{"name":"(anonymous_1)","decl":{"start":{"line":22,"column":26},"end":{"line":22,"column":27}},"loc":{"start":{"line":22,"column":32},"end":{"line":24,"column":3}},"line":22},"2":{"name":"(anonymous_2)","decl":{"start":{"line":28,"column":32},"end":{"line":28,"column":33}},"loc":{"start":{"line":28,"column":46},"end":{"line":100,"column":3}},"line":28},"3":{"name":"(anonymous_3)","decl":{"start":{"line":102,"column":12},"end":{"line":102,"column":13}},"loc":{"start":{"line":102,"column":18},"end":{"line":122,"column":3}},"line":102},"4":{"name":"loadUser","decl":{"start":{"line":103,"column":19},"end":{"line":103,"column":27}},"loc":{"start":{"line":103,"column":30},"end":{"line":120,"column":5}},"line":103},"5":{"name":"(anonymous_5)","decl":{"start":{"line":160,"column":20},"end":{"line":160,"column":21}},"loc":{"start":{"line":160,"column":31},"end":{"line":164,"column":11}},"line":160},"6":{"name":"(anonymous_6)","decl":{"start":{"line":176,"column":23},"end":{"line":176,"column":24}},"loc":{"start":{"line":176,"column":35},"end":{"line":200,"column":15}},"line":176}},"branchMap":{"0":{"loc":{"start":{"line":34,"column":16},"end":{"line":34,"column":80}},"type":"binary-expr","locations":[{"start":{"line":34,"column":16},"end":{"line":34,"column":44}},{"start":{"line":34,"column":48},"end":{"line":34,"column":80}}],"line":34},"1":{"loc":{"start":{"line":40,"column":4},"end":{"line":94,"column":5}},"type":"if","locations":[{"start":{"line":40,"column":4},"end":{"line":94,"column":5}},{"start":{"line":66,"column":11},"end":{"line":94,"column":5}}],"line":40},"2":{"loc":{"start":{"line":80,"column":20},"end":{"line":80,"column":57}},"type":"binary-expr","locations":[{"start":{"line":80,"column":20},"end":{"line":80,"column":40}},{"start":{"line":80,"column":44},"end":{"line":80,"column":57}}],"line":80},"3":{"loc":{"start":{"line":105,"column":6},"end":{"line":119,"column":7}},"type":"if","locations":[{"start":{"line":105,"column":6},"end":{"line":119,"column":7}},{"start":{},"end":{}}],"line":105},"4":{"loc":{"start":{"line":111,"column":8},"end":{"line":115,"column":20}},"type":"cond-expr","locations":[{"start":{"line":112,"column":12},"end":{"line":112,"column":23}},{"start":{"line":113,"column":12},"end":{"line":115,"column":20}}],"line":111},"5":{"loc":{"start":{"line":113,"column":12},"end":{"line":115,"column":20}},"type":"cond-expr","locations":[{"start":{"line":114,"column":12},"end":{"line":114,"column":19}},{"start":{"line":115,"column":12},"end":{"line":115,"column":20}}],"line":113},"6":{"loc":{"start":{"line":155,"column":175},"end":{"line":155,"column":237}},"type":"cond-expr","locations":[{"start":{"line":155,"column":201},"end":{"line":155,"column":229}},{"start":{"line":155,"column":232},"end":{"line":155,"column":237}}],"line":155},"7":{"loc":{"start":{"line":156,"column":9},"end":{"line":156,"column":85}},"type":"binary-expr","locations":[{"start":{"line":156,"column":9},"end":{"line":156,"column":24}},{"start":{"line":156,"column":28},"end":{"line":156,"column":85}}],"line":156},"8":{"loc":{"start":{"line":159,"column":20},"end":{"line":159,"column":81}},"type":"cond-expr","locations":[{"start":{"line":159,"column":45},"end":{"line":159,"column":73}},{"start":{"line":159,"column":76},"end":{"line":159,"column":81}}],"line":159},"9":{"loc":{"start":{"line":161,"column":12},"end":{"line":161,"column":48}},"type":"if","locations":[{"start":{"line":161,"column":12},"end":{"line":161,"column":48}},{"start":{},"end":{}}],"line":161},"10":{"loc":{"start":{"line":161,"column":16},"end":{"line":161,"column":35}},"type":"binary-expr","locations":[{"start":{"line":161,"column":16},"end":{"line":161,"column":25}},{"start":{"line":161,"column":29},"end":{"line":161,"column":35}}],"line":161},"11":{"loc":{"start":{"line":162,"column":19},"end":{"line":162,"column":71}},"type":"binary-expr","locations":[{"start":{"line":162,"column":19},"end":{"line":162,"column":37}},{"start":{"line":162,"column":41},"end":{"line":162,"column":71}}],"line":162},"12":{"loc":{"start":{"line":166,"column":9},"end":{"line":166,"column":87}},"type":"binary-expr","locations":[{"start":{"line":166,"column":9},"end":{"line":166,"column":25}},{"start":{"line":166,"column":29},"end":{"line":166,"column":87}}],"line":166},"13":{"loc":{"start":{"line":172,"column":11},"end":{"line":204,"column":11}},"type":"binary-expr","locations":[{"start":{"line":172,"column":11},"end":{"line":172,"column":20}},{"start":{"line":173,"column":12},"end":{"line":203,"column":21}}],"line":172},"14":{"loc":{"start":{"line":178,"column":16},"end":{"line":199,"column":17}},"type":"if","locations":[{"start":{"line":178,"column":16},"end":{"line":199,"column":17}},{"start":{},"end":{}}],"line":178}},"s":{"0":0,"1":0,"2":0,"3":0,"4":0,"5":0,"6":0,"7":0,"8":0,"9":0,"10":0,"11":0,"12":0,"13":0,"14":0,"15":0,"16":0,"17":0,"18":0,"19":0,"20":0,"21":0,"22":0,"23":0,"24":0,"25":0,"26":0,"27":0,"28":0,"29":0,"30":0,"31":0,"32":0,"33":0,"34":0,"35":0,"36":0,"37":0,"38":0,"39":0,"40":0,"41":0,"42":0},"f":{"0":0,"1":0,"2":0,"3":0,"4":0,"5":0,"6":0},"b":{"0":[0,0],"1":[0,0],"2":[0,0],"3":[0,0],"4":[0,0],"5":[0,0],"6":[0,0],"7":[0,0],"8":[0,0],"9":[0,0],"10":[0,0],"11":[0,0],"12":[0,0],"13":[0,0],"14":[0,0]}}
,"/home/paelsam/Documents/DSII/class_smart/src/pages/users/UserPage.jsx": {"path":"/home/paelsam/Documents/DSII/class_smart/src/pages/users/UserPage.jsx","statementMap":{"0":{"start":{"line":6,"column":17},"end":{"line":6,"column":28}},"1":{"start":{"line":7,"column":30},"end":{"line":7,"column":36}},"2":{"start":{"line":9,"column":2},"end":{"line":17,"column":3}}},"fnMap":{"0":{"name":"UserPage","decl":{"start":{"line":5,"column":16},"end":{"line":5,"column":24}},"loc":{"start":{"line":5,"column":27},"end":{"line":18,"column":1}},"line":5}},"branchMap":{},"s":{"0":0,"1":0,"2":0},"f":{"0":0},"b":{}}
,"/home/paelsam/Documents/DSII/class_smart/src/services/authService.js": {"path":"/home/paelsam/Documents/DSII/class_smart/src/services/authService.js","statementMap":{"0":{"start":{"line":7,"column":27},"end":{"line":80,"column":1}},"1":{"start":{"line":9,"column":4},"end":{"line":26,"column":5}},"2":{"start":{"line":10,"column":22},"end":{"line":21,"column":9}},"3":{"start":{"line":22,"column":22},"end":{"line":22,"column":50}},"4":{"start":{"line":23,"column":6},"end":{"line":23,"column":27}},"5":{"start":{"line":25,"column":6},"end":{"line":25,"column":32}},"6":{"start":{"line":30,"column":4},"end":{"line":35,"column":5}},"7":{"start":{"line":31,"column":23},"end":{"line":31,"column":49}},"8":{"start":{"line":32,"column":6},"end":{"line":32,"column":27}},"9":{"start":{"line":34,"column":6},"end":{"line":34,"column":32}},"10":{"start":{"line":42,"column":3},"end":{"line":59,"column":4}},"11":{"start":{"line":43,"column":23},"end":{"line":43,"column":51}},"12":{"start":{"line":45,"column":5},"end":{"line":52,"column":7}},"13":{"start":{"line":46,"column":7},"end":{"line":51,"column":8}},"14":{"start":{"line":54,"column":5},"end":{"line":54,"column":23}},"15":{"start":{"line":55,"column":5},"end":{"line":55,"column":45}},"16":{"start":{"line":58,"column":5},"end":{"line":58,"column":47}},"17":{"start":{"line":61,"column":3},"end":{"line":66,"column":4}},"18":{"start":{"line":62,"column":16},"end":{"line":62,"column":51}},"19":{"start":{"line":63,"column":5},"end":{"line":63,"column":65}},"20":{"start":{"line":65,"column":5},"end":{"line":65,"column":57}},"21":{"start":{"line":68,"column":13},"end":{"line":68,"column":59}},"22":{"start":{"line":69,"column":2},"end":{"line":69,"column":18}},"23":{"start":{"line":71,"column":2},"end":{"line":77,"column":4}},"24":{"start":{"line":73,"column":21},"end":{"line":73,"column":63}},"25":{"start":{"line":74,"column":5},"end":{"line":74,"column":60}},"26":{"start":{"line":76,"column":5},"end":{"line":76,"column":58}}},"fnMap":{"0":{"name":"(anonymous_0)","decl":{"start":{"line":8,"column":2},"end":{"line":8,"column":3}},"loc":{"start":{"line":8,"column":52},"end":{"line":27,"column":3}},"line":8},"1":{"name":"(anonymous_1)","decl":{"start":{"line":29,"column":2},"end":{"line":29,"column":3}},"loc":{"start":{"line":29,"column":27},"end":{"line":36,"column":3}},"line":29},"2":{"name":"(anonymous_2)","decl":{"start":{"line":38,"column":0},"end":{"line":38,"column":1}},"loc":{"start":{"line":38,"column":41},"end":{"line":78,"column":3}},"line":38},"3":{"name":"(anonymous_3)","decl":{"start":{"line":45,"column":28},"end":{"line":45,"column":29}},"loc":{"start":{"line":45,"column":39},"end":{"line":52,"column":6}},"line":45}},"branchMap":{},"s":{"0":0,"1":0,"2":0,"3":0,"4":0,"5":0,"6":0,"7":0,"8":0,"9":0,"10":0,"11":0,"12":0,"13":0,"14":0,"15":0,"16":0,"17":0,"18":0,"19":0,"20":0,"21":0,"22":0,"23":0,"24":0,"25":0,"26":0},"f":{"0":0,"1":0,"2":0,"3":0},"b":{}}
}
