{"C:\\Users\\victo\\OneDrive\\Documentos\\Univalle\\Sexto semestre\\DSII\\class_smart\\src\\components\\products\\ProductCard.jsx": {"path":"C:\\Users\\victo\\OneDrive\\Documentos\\Univalle\\Sexto semestre\\DSII\\class_smart\\src\\components\\products\\ProductCard.jsx","statementMap":{"0":{"start":{"line":5,"column":19},"end":{"line":5,"column":32}},"1":{"start":{"line":7,"column":2},"end":{"line":31,"column":4}},"2":{"start":{"line":12,"column":8},"end":{"line":12,"column":50}}},"fnMap":{"0":{"name":"ProductCard","decl":{"start":{"line":4,"column":16},"end":{"line":4,"column":27}},"loc":{"start":{"line":4,"column":41},"end":{"line":32,"column":1}},"line":4},"1":{"name":"(anonymous_1)","decl":{"start":{"line":11,"column":15},"end":{"line":11,"column":16}},"loc":{"start":{"line":11,"column":21},"end":{"line":13,"column":7}},"line":11}},"branchMap":{"0":{"loc":{"start":{"line":15,"column":7},"end":{"line":21,"column":7}},"type":"binary-expr","locations":[{"start":{"line":15,"column":7},"end":{"line":15,"column":28}},{"start":{"line":16,"column":8},"end":{"line":20,"column":10}}],"line":15}},"s":{"0":1,"1":1,"2":0},"f":{"0":1,"1":0},"b":{"0":[1,1]},"_coverageSchema":"1a1c01bbd47fc00a2c39e90264f33305004495a9","hash":"3b78be12f6c868b3f4db101970b4a483623796ee"}
}
