TN:
SF:src\App.jsx
FN:31,App
FNF:1
FNH:0
FNDA:0,App
DA:33,0
LF:1
LH:0
BRF:0
BRH:0
end_of_record
TN:
SF:src\main.jsx
FNF:0
FNH:0
DA:6,0
LF:1
LH:0
BRF:0
BRH:0
end_of_record
TN:
SF:src\api\categories.api.js
FN:6,(anonymous_0)
FN:8,(anonymous_1)
FN:10,(anonymous_2)
FN:19,(anonymous_3)
FN:28,(anonymous_4)
FNF:5
FNH:5
FNDA:1,(anonymous_0)
FNDA:1,(anonymous_1)
FNDA:1,(anonymous_2)
FNDA:1,(anonymous_3)
FNDA:1,(anonymous_4)
DA:2,1
DA:6,1
DA:8,1
DA:10,1
DA:11,1
DA:19,1
DA:20,1
DA:28,1
DA:29,1
LF:9
LH:9
BRF:0
BRH:0
end_of_record
TN:
SF:src\api\dashboard.api.js
FN:5,(anonymous_0)
FN:10,(anonymous_1)
FN:15,(anonymous_2)
FN:20,(anonymous_3)
FN:25,(anonymous_4)
FN:30,(anonymous_5)
FN:35,(anonymous_6)
FNF:7
FNH:7
FNDA:1,(anonymous_0)
FNDA:1,(anonymous_1)
FNDA:1,(anonymous_2)
FNDA:1,(anonymous_3)
FNDA:1,(anonymous_4)
FNDA:1,(anonymous_5)
FNDA:1,(anonymous_6)
DA:2,1
DA:5,1
DA:10,1
DA:15,1
DA:20,1
DA:25,1
DA:30,1
DA:35,1
LF:8
LH:8
BRF:0
BRH:0
end_of_record
TN:
SF:src\api\pedidos.api.js
FN:6,(anonymous_0)
FN:11,(anonymous_1)
FN:16,(anonymous_2)
FN:22,(anonymous_3)
FN:27,(anonymous_4)
FN:36,(anonymous_5)
FN:38,(anonymous_6)
FN:46,(anonymous_7)
FN:51,(anonymous_8)
FN:56,(anonymous_9)
FN:61,(anonymous_10)
FNF:11
FNH:11
FNDA:1,(anonymous_0)
FNDA:1,(anonymous_1)
FNDA:1,(anonymous_2)
FNDA:1,(anonymous_3)
FNDA:1,(anonymous_4)
FNDA:1,(anonymous_5)
FNDA:1,(anonymous_6)
FNDA:1,(anonymous_7)
FNDA:1,(anonymous_8)
FNDA:1,(anonymous_9)
FNDA:1,(anonymous_10)
DA:2,1
DA:6,1
DA:11,1
DA:16,1
DA:22,1
DA:27,1
DA:28,1
DA:36,1
DA:38,1
DA:39,1
DA:46,1
DA:51,1
DA:56,1
DA:61,1
LF:14
LH:14
BRF:0
BRH:0
end_of_record
TN:
SF:src\api\products.api.js
FN:6,(anonymous_0)
FN:9,(anonymous_1)
FN:15,(anonymous_2)
FN:17,(anonymous_3)
FN:23,(anonymous_4)
FN:30,(anonymous_5)
FN:39,(anonymous_6)
FN:41,(anonymous_7)
FN:43,(anonymous_8)
FN:47,(anonymous_9)
FN:49,(anonymous_10)
FN:51,(anonymous_11)
FN:53,(anonymous_12)
FN:55,(anonymous_13)
FNF:14
FNH:14
FNDA:1,(anonymous_0)
FNDA:1,(anonymous_1)
FNDA:1,(anonymous_2)
FNDA:1,(anonymous_3)
FNDA:1,(anonymous_4)
FNDA:1,(anonymous_5)
FNDA:1,(anonymous_6)
FNDA:1,(anonymous_7)
FNDA:1,(anonymous_8)
FNDA:1,(anonymous_9)
FNDA:1,(anonymous_10)
FNDA:1,(anonymous_11)
FNDA:1,(anonymous_12)
FNDA:1,(anonymous_13)
DA:2,3
DA:6,3
DA:9,3
DA:10,1
DA:15,3
DA:17,3
DA:18,1
DA:23,3
DA:30,3
DA:39,3
DA:41,3
DA:43,3
DA:47,3
DA:49,3
DA:51,3
DA:53,3
DA:55,3
LF:17
LH:17
BRF:0
BRH:0
end_of_record
TN:
SF:src\api\users.api.js
FN:9,(anonymous_0)
FN:16,(anonymous_1)
FN:25,(anonymous_2)
FN:29,(anonymous_3)
FN:35,(anonymous_4)
FN:40,(anonymous_5)
FN:44,(anonymous_6)
FN:46,(anonymous_7)
FN:48,(anonymous_8)
FNF:9
FNH:9
FNDA:1,(anonymous_0)
FNDA:1,(anonymous_1)
FNDA:1,(anonymous_2)
FNDA:1,(anonymous_3)
FNDA:1,(anonymous_4)
FNDA:1,(anonymous_5)
FNDA:1,(anonymous_6)
FNDA:1,(anonymous_7)
FNDA:1,(anonymous_8)
DA:4,1
DA:9,1
DA:16,1
DA:17,1
DA:25,1
DA:29,1
DA:30,1
DA:35,1
DA:40,1
DA:44,1
DA:46,1
DA:48,1
LF:12
LH:12
BRF:0
BRH:0
end_of_record
TN:
SF:src\components\categoria\CategoriaCard.jsx
FN:4,CategoriaCard
FN:11,(anonymous_1)
FNF:2
FNH:2
FNDA:2,CategoriaCard
FNDA:1,(anonymous_1)
DA:6,2
DA:8,2
DA:12,1
LF:3
LH:3
BRF:0
BRH:0
end_of_record
TN:
SF:src\components\categoria\CategoriasList.jsx
FN:5,CategoriasList
FN:8,(anonymous_1)
FN:9,(anonymous_2)
FN:23,(anonymous_3)
FNF:4
FNH:4
FNDA:7,CategoriasList
FNDA:4,(anonymous_1)
FNDA:4,(anonymous_2)
FNDA:6,(anonymous_3)
DA:6,7
DA:8,7
DA:9,4
DA:10,4
DA:11,4
DA:12,3
DA:14,1
DA:18,4
DA:21,7
DA:24,6
LF:10
LH:10
BRF:0
BRH:0
end_of_record
TN:
SF:src\components\categoria\CategoriasListFilter.jsx
FN:6,CategoriasListFilter
FN:10,(anonymous_1)
FN:11,(anonymous_2)
FN:14,(anonymous_3)
FN:29,(anonymous_4)
FN:34,(anonymous_5)
FNF:6
FNH:6
FNDA:7,CategoriasListFilter
FNDA:4,(anonymous_1)
FNDA:4,(anonymous_2)
FNDA:12,(anonymous_3)
FNDA:6,(anonymous_4)
FNDA:1,(anonymous_5)
DA:7,7
DA:8,7
DA:10,7
DA:11,4
DA:12,4
DA:13,4
DA:14,12
DA:15,3
DA:16,3
DA:17,3
DA:19,1
DA:23,4
DA:26,7
DA:30,6
DA:35,1
LF:15
LH:15
BRF:0
BRH:0
end_of_record
TN:
SF:src\components\categoria\Navigation.jsx
FN:10,Navigation
FN:16,(anonymous_1)
FN:17,loadCategorias
FN:48,(anonymous_3)
FN:88,(anonymous_4)
FN:115,(anonymous_5)
FN:131,(anonymous_6)
FN:142,(anonymous_7)
FN:150,(anonymous_8)
FN:163,(anonymous_9)
FN:178,(anonymous_10)
FNF:11
FNH:9
FNDA:11,Navigation
FNDA:4,(anonymous_1)
FNDA:4,loadCategorias
FNDA:1,(anonymous_3)
FNDA:0,(anonymous_4)
FNDA:2,(anonymous_5)
FNDA:1,(anonymous_6)
FNDA:0,(anonymous_7)
FNDA:1,(anonymous_8)
FNDA:1,(anonymous_9)
FNDA:1,(anonymous_10)
DA:12,11
DA:14,10
DA:16,10
DA:19,4
DA:21,4
DA:25,4
DA:29,10
DA:31,10
DA:32,10
DA:33,10
DA:34,10
DA:48,10
DA:49,1
DA:51,1
DA:52,1
DA:53,1
DA:58,10
DA:89,0
DA:115,2
DA:131,1
DA:142,0
DA:150,1
DA:164,1
DA:165,1
DA:179,1
LF:25
LH:23
BRDA:89,0,0,0
BRDA:89,0,1,0
BRDA:123,1,0,10
BRDA:123,1,1,4
BRF:4
BRH:2
end_of_record
TN:
SF:src\components\cliente\CarritoCard.jsx
FN:6,CarritoCard
FN:16,(anonymous_1)
FN:46,(anonymous_2)
FN:107,(anonymous_3)
FN:118,(anonymous_4)
FNF:5
FNH:0
FNDA:0,CarritoCard
FNDA:0,(anonymous_1)
FNDA:0,(anonymous_2)
FNDA:0,(anonymous_3)
FNDA:0,(anonymous_4)
DA:8,0
DA:10,0
DA:11,0
DA:12,0
DA:16,0
DA:18,0
DA:20,0
DA:21,0
DA:24,0
DA:25,0
DA:34,0
DA:35,0
DA:37,0
DA:40,0
DA:41,0
DA:46,0
DA:48,0
DA:49,0
DA:50,0
DA:52,0
DA:53,0
DA:64,0
DA:65,0
DA:68,0
DA:70,0
DA:71,0
DA:83,0
DA:109,0
DA:120,0
LF:29
LH:0
BRDA:18,0,0,0
BRDA:18,0,1,0
BRDA:48,1,0,0
BRDA:48,1,1,0
BRDA:91,2,0,0
BRDA:91,2,1,0
BRF:6
BRH:0
end_of_record
TN:
SF:src\components\cliente\CarritoList.jsx
FN:7,CarritoList
FN:13,(anonymous_1)
FN:14,loadProducts
FN:41,(anonymous_3)
FNF:4
FNH:0
FNDA:0,CarritoList
FNDA:0,(anonymous_1)
FNDA:0,loadProducts
FNDA:0,(anonymous_3)
DA:9,0
DA:13,0
DA:15,0
DA:20,0
DA:21,0
DA:23,0
DA:30,0
DA:34,0
DA:39,0
DA:42,0
LF:10
LH:0
BRDA:20,0,0,0
BRDA:20,0,1,0
BRDA:41,1,0,0
BRDA:41,1,1,0
BRDA:41,2,0,0
BRDA:41,2,1,0
BRF:6
BRH:0
end_of_record
TN:
SF:src\components\cliente\ClientCard.jsx
FN:9,ClientCard
FN:14,(anonymous_1)
FN:15,fetchFavoritos
FN:19,(anonymous_3)
FN:31,(anonymous_4)
FN:40,(anonymous_5)
FN:79,(anonymous_6)
FNF:7
FNH:0
FNDA:0,ClientCard
FNDA:0,(anonymous_1)
FNDA:0,fetchFavoritos
FNDA:0,(anonymous_3)
FNDA:0,(anonymous_4)
FNDA:0,(anonymous_5)
FNDA:0,(anonymous_6)
DA:10,0
DA:11,0
DA:12,0
DA:14,0
DA:16,0
DA:17,0
DA:18,0
DA:19,0
DA:20,0
DA:21,0
DA:22,0
DA:25,0
DA:28,0
DA:31,0
DA:32,0
DA:33,0
DA:35,0
DA:36,0
DA:37,0
DA:39,0
DA:40,0
DA:42,0
DA:43,0
DA:48,0
DA:49,0
DA:50,0
DA:51,0
DA:59,0
DA:68,0
DA:79,0
DA:80,0
DA:82,0
DA:83,0
DA:84,0
DA:85,0
DA:86,0
DA:88,0
DA:96,0
DA:97,0
DA:101,0
DA:102,0
DA:106,0
DA:107,0
DA:108,0
DA:109,0
DA:110,0
DA:111,0
DA:119,0
DA:124,0
LF:49
LH:0
BRDA:19,0,0,0
BRDA:19,0,1,0
BRDA:20,1,0,0
BRDA:20,1,1,0
BRDA:32,2,0,0
BRDA:32,2,1,0
BRDA:42,3,0,0
BRDA:42,3,1,0
BRDA:80,4,0,0
BRDA:80,4,1,0
BRDA:126,5,0,0
BRDA:126,5,1,0
BRDA:133,6,0,0
BRDA:133,6,1,0
BRDA:152,7,0,0
BRDA:152,7,1,0
BRF:16
BRH:0
end_of_record
TN:
SF:src\components\cliente\ClientList.jsx
FN:4,ClientList
FN:8,(anonymous_1)
FN:9,loadProducts
FN:36,(anonymous_3)
FNF:4
FNH:0
FNDA:0,ClientList
FNDA:0,(anonymous_1)
FNDA:0,loadProducts
FNDA:0,(anonymous_3)
DA:6,0
DA:8,0
DA:10,0
DA:13,0
DA:15,0
DA:17,0
DA:19,0
DA:22,0
DA:24,0
DA:27,0
DA:31,0
DA:34,0
DA:37,0
LF:13
LH:0
BRDA:15,0,0,0
BRDA:15,0,1,0
BRDA:15,1,0,0
BRDA:15,1,1,0
BRF:4
BRH:0
end_of_record
TN:
SF:src\components\cliente\Navigation.jsx
FN:12,Navigation
FN:18,(anonymous_1)
FN:29,(anonymous_2)
FN:30,loadCategorias
FN:52,(anonymous_4)
FN:59,(anonymous_5)
FN:111,(anonymous_6)
FN:150,(anonymous_7)
FN:161,(anonymous_8)
FN:171,(anonymous_9)
FN:185,(anonymous_10)
FN:199,(anonymous_11)
FN:221,(anonymous_12)
FN:241,(anonymous_13)
FN:242,(anonymous_14)
FN:244,(anonymous_15)
FN:249,(anonymous_16)
FN:257,(anonymous_17)
FN:262,(anonymous_18)
FNF:19
FNH:0
FNDA:0,Navigation
FNDA:0,(anonymous_1)
FNDA:0,(anonymous_2)
FNDA:0,loadCategorias
FNDA:0,(anonymous_4)
FNDA:0,(anonymous_5)
FNDA:0,(anonymous_6)
FNDA:0,(anonymous_7)
FNDA:0,(anonymous_8)
FNDA:0,(anonymous_9)
FNDA:0,(anonymous_10)
FNDA:0,(anonymous_11)
FNDA:0,(anonymous_12)
FNDA:0,(anonymous_13)
FNDA:0,(anonymous_14)
FNDA:0,(anonymous_15)
FNDA:0,(anonymous_16)
FNDA:0,(anonymous_17)
FNDA:0,(anonymous_18)
DA:14,0
DA:16,0
DA:18,0
DA:19,0
DA:24,0
DA:29,0
DA:32,0
DA:34,0
DA:39,0
DA:43,0
DA:45,0
DA:46,0
DA:47,0
DA:48,0
DA:52,0
DA:53,0
DA:54,0
DA:59,0
DA:60,0
DA:61,0
DA:62,0
DA:63,0
DA:69,0
DA:112,0
DA:113,0
DA:114,0
DA:116,0
DA:150,0
DA:161,0
DA:171,0
DA:186,0
DA:200,0
DA:201,0
DA:202,0
DA:221,0
DA:241,0
DA:242,0
DA:244,0
DA:250,0
DA:251,0
DA:252,0
DA:260,0
DA:263,0
DA:264,0
DA:265,0
LF:45
LH:0
BRDA:113,0,0,0
BRDA:113,0,1,0
BRDA:142,1,0,0
BRDA:142,1,1,0
BRDA:182,2,0,0
BRDA:182,2,1,0
BRDA:194,3,0,0
BRDA:194,3,1,0
BRDA:239,4,0,0
BRDA:239,4,1,0
BRF:10
BRH:0
end_of_record
TN:
SF:src\components\cliente\NavigationCar.jsx
FN:7,NavigationCar
FN:11,(anonymous_1)
FN:12,loadCarrito
FN:22,(anonymous_3)
FN:33,(anonymous_4)
FN:38,(anonymous_5)
FN:71,(anonymous_6)
FNF:7
FNH:0
FNDA:0,NavigationCar
FNDA:0,(anonymous_1)
FNDA:0,loadCarrito
FNDA:0,(anonymous_3)
FNDA:0,(anonymous_4)
FNDA:0,(anonymous_5)
FNDA:0,(anonymous_6)
DA:8,0
DA:9,0
DA:11,0
DA:13,0
DA:14,0
DA:15,0
DA:16,0
DA:19,0
DA:22,0
DA:23,0
DA:24,0
DA:25,0
DA:33,0
DA:34,0
DA:38,0
DA:39,0
DA:42,0
DA:71,0
LF:18
LH:0
BRDA:14,0,0,0
BRDA:14,0,1,0
BRDA:71,1,0,0
BRDA:71,1,1,0
BRF:4
BRH:0
end_of_record
TN:
SF:src\components\cliente\metodos_pago\Bancos.jsx
FN:11,Bancos
FN:17,(anonymous_1)
FN:42,(anonymous_2)
FNF:3
FNH:1
FNDA:2,Bancos
FNDA:0,(anonymous_1)
FNDA:0,(anonymous_2)
DA:13,2
DA:15,2
DA:17,2
DA:18,0
DA:19,0
DA:20,0
DA:23,0
DA:24,0
DA:25,0
DA:26,0
DA:27,0
DA:28,0
DA:29,0
DA:30,0
DA:32,0
DA:36,2
DA:42,0
LF:17
LH:4
BRDA:23,0,0,0
BRDA:23,0,1,0
BRDA:23,0,2,0
BRDA:23,0,3,0
BRF:4
BRH:0
end_of_record
TN:
SF:src\components\cliente\metodos_pago\Targetas.jsx
FN:14,Targetas
FN:32,(anonymous_1)
FN:38,(anonymous_2)
FN:46,(anonymous_3)
FN:65,(anonymous_4)
FN:168,(anonymous_5)
FN:169,(anonymous_6)
FN:192,(anonymous_7)
FNF:8
FNH:1
FNDA:2,Targetas
FNDA:0,(anonymous_1)
FNDA:0,(anonymous_2)
FNDA:0,(anonymous_3)
FNDA:0,(anonymous_4)
FNDA:0,(anonymous_5)
FNDA:0,(anonymous_6)
FNDA:0,(anonymous_7)
DA:16,2
DA:18,2
DA:20,2
DA:22,2
DA:24,2
DA:32,2
DA:33,0
DA:38,2
DA:39,0
DA:43,0
DA:46,2
DA:47,0
DA:48,0
DA:49,0
DA:50,0
DA:54,0
DA:56,0
DA:59,2
DA:65,0
DA:169,0
DA:171,0
DA:172,0
DA:192,0
LF:23
LH:9
BRDA:98,0,0,2
BRDA:98,0,1,0
BRDA:171,1,0,0
BRDA:171,1,1,0
BRF:4
BRH:1
end_of_record
TN:
SF:src\components\login\EmailVerification.jsx
FN:7,EmailVerification
FN:12,(anonymous_1)
FN:13,(anonymous_2)
FNF:3
FNH:3
FNDA:4,EmailVerification
FNDA:2,(anonymous_1)
FNDA:2,(anonymous_2)
DA:8,4
DA:9,4
DA:10,4
DA:12,4
DA:13,2
DA:14,2
DA:15,2
DA:16,1
DA:18,1
DA:22,2
DA:25,4
LF:11
LH:11
BRF:0
BRH:0
end_of_record
TN:
SF:src\components\login\Register.jsx
FN:7,Register
FN:19,(anonymous_1)
FN:26,(anonymous_2)
FNF:3
FNH:3
FNDA:26,Register
FNDA:20,(anonymous_1)
FNDA:4,(anonymous_2)
DA:8,26
DA:10,26
DA:17,26
DA:19,26
DA:20,20
DA:26,26
DA:27,4
DA:29,4
DA:30,1
DA:37,1
DA:40,3
DA:41,1
DA:48,1
DA:51,2
DA:52,2
DA:59,1
DA:68,2
DA:76,2
DA:79,26
LF:19
LH:19
BRDA:29,0,0,1
BRDA:29,0,1,3
BRDA:40,1,0,1
BRDA:40,1,1,2
BRDA:40,2,0,3
BRDA:40,2,1,3
BRF:6
BRH:6
end_of_record
TN:
SF:src\components\pedidos\Navigation.jsx
FN:10,Navigation
FN:16,(anonymous_1)
FN:17,loadCategorias
FN:32,(anonymous_3)
FN:37,(anonymous_4)
FN:42,(anonymous_5)
FN:46,(anonymous_6)
FN:59,(anonymous_7)
FN:80,(anonymous_8)
FN:103,(anonymous_9)
FN:118,(anonymous_10)
FN:129,(anonymous_11)
FN:138,(anonymous_12)
FN:161,(anonymous_13)
FN:162,(anonymous_14)
FN:164,(anonymous_15)
FN:169,(anonymous_16)
FN:178,(anonymous_17)
FN:187,(anonymous_18)
FN:196,(anonymous_19)
FN:214,(anonymous_20)
FNF:21
FNH:0
FNDA:0,Navigation
FNDA:0,(anonymous_1)
FNDA:0,loadCategorias
FNDA:0,(anonymous_3)
FNDA:0,(anonymous_4)
FNDA:0,(anonymous_5)
FNDA:0,(anonymous_6)
FNDA:0,(anonymous_7)
FNDA:0,(anonymous_8)
FNDA:0,(anonymous_9)
FNDA:0,(anonymous_10)
FNDA:0,(anonymous_11)
FNDA:0,(anonymous_12)
FNDA:0,(anonymous_13)
FNDA:0,(anonymous_14)
FNDA:0,(anonymous_15)
FNDA:0,(anonymous_16)
FNDA:0,(anonymous_17)
FNDA:0,(anonymous_18)
FNDA:0,(anonymous_19)
FNDA:0,(anonymous_20)
DA:12,0
DA:14,0
DA:16,0
DA:18,0
DA:19,0
DA:21,0
DA:24,0
DA:26,0
DA:27,0
DA:28,0
DA:29,0
DA:30,0
DA:32,0
DA:33,0
DA:34,0
DA:37,0
DA:38,0
DA:39,0
DA:42,0
DA:43,0
DA:46,0
DA:47,0
DA:48,0
DA:49,0
DA:50,0
DA:53,0
DA:60,0
DA:81,0
DA:103,0
DA:118,0
DA:129,0
DA:138,0
DA:161,0
DA:162,0
DA:164,0
DA:170,0
DA:171,0
DA:179,0
DA:180,0
DA:188,0
DA:189,0
DA:197,0
DA:198,0
DA:215,0
DA:216,0
LF:45
LH:0
BRDA:60,0,0,0
BRDA:60,0,1,0
BRDA:81,1,0,0
BRDA:81,1,1,0
BRDA:110,2,0,0
BRDA:110,2,1,0
BRDA:159,3,0,0
BRDA:159,3,1,0
BRF:8
BRH:0
end_of_record
TN:
SF:src\components\pedidos\PedidoCard.jsx
FN:6,PedidoCard
FN:11,(anonymous_1)
FN:12,(anonymous_2)
FN:28,(anonymous_3)
FNF:4
FNH:4
FNDA:6,PedidoCard
FNDA:4,(anonymous_1)
FNDA:4,(anonymous_2)
FNDA:1,(anonymous_3)
DA:8,6
DA:9,6
DA:11,6
DA:12,4
DA:13,4
DA:14,4
DA:15,3
DA:17,1
DA:21,4
DA:24,6
DA:29,1
LF:11
LH:11
BRDA:36,0,0,2
BRDA:36,0,1,4
BRDA:46,1,0,2
BRDA:46,1,1,4
BRDA:49,2,0,2
BRDA:49,2,1,4
BRF:6
BRH:6
end_of_record
TN:
SF:src\components\pedidos\PedidoProductoCard.jsx
FN:4,PedidoProductoCard
FN:7,(anonymous_1)
FN:8,(anonymous_2)
FNF:3
FNH:3
FNDA:12,PedidoProductoCard
FNDA:7,(anonymous_1)
FNDA:7,(anonymous_2)
DA:5,12
DA:7,12
DA:8,7
DA:9,7
DA:10,7
DA:11,5
DA:13,1
DA:17,7
DA:20,12
DA:21,7
DA:24,5
DA:26,5
LF:12
LH:12
BRDA:20,0,0,7
BRDA:20,0,1,5
BRDA:28,1,0,5
BRDA:28,1,1,4
BRF:4
BRH:4
end_of_record
TN:
SF:src\components\pedidos\PedidosList.jsx
FN:5,PedidosList
FN:8,(anonymous_1)
FN:9,(anonymous_2)
FN:23,(anonymous_3)
FNF:4
FNH:4
FNDA:5,PedidosList
FNDA:3,(anonymous_1)
FNDA:3,(anonymous_2)
FNDA:2,(anonymous_3)
DA:6,5
DA:8,5
DA:9,3
DA:10,3
DA:11,3
DA:12,2
DA:14,1
DA:18,3
DA:21,5
DA:24,2
LF:10
LH:10
BRF:0
BRH:0
end_of_record
TN:
SF:src\components\products\Navigation.jsx
FN:9,Navigation
FN:15,(anonymous_1)
FN:16,loadCategorias
FN:35,(anonymous_3)
FN:40,(anonymous_4)
FN:45,(anonymous_5)
FN:60,(anonymous_6)
FN:101,(anonymous_7)
FN:116,(anonymous_8)
FN:127,(anonymous_9)
FN:139,(anonymous_10)
FN:156,(anonymous_11)
FN:177,(anonymous_12)
FN:178,(anonymous_13)
FN:180,(anonymous_14)
FN:185,(anonymous_15)
FN:194,(anonymous_16)
FN:210,(anonymous_17)
FN:211,(anonymous_18)
FN:213,(anonymous_19)
FN:217,(anonymous_20)
FN:225,(anonymous_21)
FN:228,(anonymous_22)
FNF:23
FNH:0
FNDA:0,Navigation
FNDA:0,(anonymous_1)
FNDA:0,loadCategorias
FNDA:0,(anonymous_3)
FNDA:0,(anonymous_4)
FNDA:0,(anonymous_5)
FNDA:0,(anonymous_6)
FNDA:0,(anonymous_7)
FNDA:0,(anonymous_8)
FNDA:0,(anonymous_9)
FNDA:0,(anonymous_10)
FNDA:0,(anonymous_11)
FNDA:0,(anonymous_12)
FNDA:0,(anonymous_13)
FNDA:0,(anonymous_14)
FNDA:0,(anonymous_15)
FNDA:0,(anonymous_16)
FNDA:0,(anonymous_17)
FNDA:0,(anonymous_18)
FNDA:0,(anonymous_19)
FNDA:0,(anonymous_20)
FNDA:0,(anonymous_21)
FNDA:0,(anonymous_22)
DA:11,0
DA:13,0
DA:15,0
DA:18,0
DA:20,0
DA:24,0
DA:28,0
DA:30,0
DA:31,0
DA:32,0
DA:33,0
DA:35,0
DA:36,0
DA:37,0
DA:40,0
DA:41,0
DA:42,0
DA:45,0
DA:46,0
DA:48,0
DA:53,0
DA:61,0
DA:101,0
DA:116,0
DA:127,0
DA:139,0
DA:157,0
DA:158,0
DA:177,0
DA:178,0
DA:180,0
DA:186,0
DA:187,0
DA:195,0
DA:196,0
DA:210,0
DA:211,0
DA:213,0
DA:218,0
DA:219,0
DA:220,0
DA:226,0
DA:229,0
DA:230,0
DA:231,0
LF:45
LH:0
BRDA:61,0,0,0
BRDA:61,0,1,0
BRDA:108,1,0,0
BRDA:108,1,1,0
BRDA:175,2,0,0
BRDA:175,2,1,0
BRDA:208,3,0,0
BRDA:208,3,1,0
BRF:8
BRH:0
end_of_record
TN:
SF:src\components\products\ProductCard.jsx
FN:4,ProductCard
FN:11,(anonymous_1)
FNF:2
FNH:2
FNDA:5,ProductCard
FNDA:1,(anonymous_1)
DA:5,5
DA:7,5
DA:12,1
LF:3
LH:3
BRDA:15,0,0,5
BRDA:15,0,1,4
BRF:2
BRH:2
end_of_record
TN:
SF:src\components\products\ProductList.jsx
FN:5,ProductList
FN:9,(anonymous_1)
FN:10,loadProducts
FN:37,(anonymous_3)
FNF:4
FNH:4
FNDA:14,ProductList
FNDA:8,(anonymous_1)
FNDA:8,loadProducts
FNDA:5,(anonymous_3)
DA:7,14
DA:9,14
DA:11,8
DA:16,8
DA:18,4
DA:20,3
DA:23,4
DA:24,3
DA:25,3
DA:28,2
DA:32,8
DA:35,14
DA:38,5
LF:13
LH:13
BRDA:16,0,0,4
BRDA:16,0,1,4
BRDA:16,1,0,8
BRDA:16,1,1,5
BRF:4
BRH:4
end_of_record
TN:
SF:src\components\users\Navigation.jsx
FN:9,Navigation
FN:21,(anonymous_1)
FN:26,(anonymous_2)
FN:31,(anonymous_3)
FN:50,(anonymous_4)
FN:86,(anonymous_5)
FN:102,(anonymous_6)
FN:113,(anonymous_7)
FN:119,(anonymous_8)
FN:136,(anonymous_9)
FN:157,(anonymous_10)
FN:158,(anonymous_11)
FN:160,(anonymous_12)
FN:165,(anonymous_13)
FN:175,(anonymous_14)
FN:192,(anonymous_15)
FN:193,(anonymous_16)
FN:195,(anonymous_17)
FN:199,(anonymous_18)
FN:208,(anonymous_19)
FN:217,(anonymous_20)
FN:226,(anonymous_21)
FNF:22
FNH:0
FNDA:0,Navigation
FNDA:0,(anonymous_1)
FNDA:0,(anonymous_2)
FNDA:0,(anonymous_3)
FNDA:0,(anonymous_4)
FNDA:0,(anonymous_5)
FNDA:0,(anonymous_6)
FNDA:0,(anonymous_7)
FNDA:0,(anonymous_8)
FNDA:0,(anonymous_9)
FNDA:0,(anonymous_10)
FNDA:0,(anonymous_11)
FNDA:0,(anonymous_12)
FNDA:0,(anonymous_13)
FNDA:0,(anonymous_14)
FNDA:0,(anonymous_15)
FNDA:0,(anonymous_16)
FNDA:0,(anonymous_17)
FNDA:0,(anonymous_18)
FNDA:0,(anonymous_19)
FNDA:0,(anonymous_20)
FNDA:0,(anonymous_21)
DA:11,0
DA:13,0
DA:15,0
DA:16,0
DA:18,0
DA:19,0
DA:21,0
DA:22,0
DA:23,0
DA:26,0
DA:27,0
DA:28,0
DA:31,0
DA:32,0
DA:33,0
DA:34,0
DA:35,0
DA:38,0
DA:51,0
DA:86,0
DA:102,0
DA:113,0
DA:119,0
DA:137,0
DA:138,0
DA:157,0
DA:158,0
DA:160,0
DA:166,0
DA:167,0
DA:176,0
DA:177,0
DA:192,0
DA:193,0
DA:195,0
DA:200,0
DA:201,0
DA:202,0
DA:209,0
DA:210,0
DA:211,0
DA:218,0
DA:219,0
DA:220,0
DA:227,0
DA:228,0
DA:229,0
LF:47
LH:0
BRDA:51,0,0,0
BRDA:51,0,1,0
BRDA:94,1,0,0
BRDA:94,1,1,0
BRDA:155,2,0,0
BRDA:155,2,1,0
BRDA:190,3,0,0
BRDA:190,3,1,0
BRF:8
BRH:0
end_of_record
TN:
SF:src\components\users\UserCard.jsx
FN:4,UserCard
FN:12,(anonymous_1)
FNF:2
FNH:2
FNDA:5,UserCard
FNDA:1,(anonymous_1)
DA:6,5
DA:8,5
DA:13,1
LF:3
LH:3
BRF:0
BRH:0
end_of_record
TN:
SF:src\components\users\UserList.jsx
FN:5,UserList
FN:9,(anonymous_1)
FN:10,loadUsers
FN:39,(anonymous_3)
FNF:4
FNH:4
FNDA:5,UserList
FNDA:3,(anonymous_1)
FNDA:3,loadUsers
FNDA:3,(anonymous_3)
DA:7,5
DA:9,5
DA:11,3
DA:16,3
DA:18,1
DA:20,1
DA:24,2
DA:27,1
DA:30,1
DA:34,3
DA:37,5
DA:40,3
LF:12
LH:12
BRDA:16,0,0,1
BRDA:16,0,1,2
BRDA:16,1,0,3
BRDA:16,1,1,1
BRF:4
BRH:4
end_of_record
TN:
SF:src\pages\categoria\CategoriaBusqueda.jsx
FN:7,CategoriaBusqueda
FNF:1
FNH:0
FNDA:0,CategoriaBusqueda
DA:8,0
DA:9,0
LF:2
LH:0
BRF:0
BRH:0
end_of_record
TN:
SF:src\pages\categoria\CategoriaFormPage.jsx
FN:9,CategoriaFormPage
FN:17,(anonymous_1)
FN:19,(anonymous_2)
FN:33,(anonymous_3)
FN:80,(anonymous_4)
FN:85,(anonymous_5)
FN:144,(anonymous_6)
FNF:7
FNH:0
FNDA:0,CategoriaFormPage
FNDA:0,(anonymous_1)
FNDA:0,(anonymous_2)
FNDA:0,(anonymous_3)
FNDA:0,(anonymous_4)
FNDA:0,(anonymous_5)
FNDA:0,(anonymous_6)
DA:10,0
DA:11,0
DA:14,0
DA:15,0
DA:17,0
DA:18,0
DA:19,0
DA:20,0
DA:21,0
DA:22,0
DA:23,0
DA:25,0
DA:29,0
DA:33,0
DA:34,0
DA:35,0
DA:36,0
DA:37,0
DA:41,0
DA:42,0
DA:44,0
DA:45,0
DA:57,0
DA:58,0
DA:59,0
DA:63,0
DA:64,0
DA:66,0
DA:67,0
DA:80,0
DA:81,0
DA:85,0
DA:86,0
DA:87,0
DA:88,0
DA:92,0
DA:94,0
DA:95,0
DA:106,0
DA:145,0
DA:146,0
DA:147,0
LF:42
LH:0
BRDA:18,0,0,0
BRDA:18,0,1,0
BRDA:34,1,0,0
BRDA:34,1,1,0
BRDA:141,2,0,0
BRDA:141,2,1,0
BRDA:146,3,0,0
BRDA:146,3,1,0
BRF:8
BRH:0
end_of_record
TN:
SF:src\pages\categoria\CategoriaPage.jsx
FN:7,CategoriaPage
FNF:1
FNH:1
FNDA:2,CategoriaPage
DA:8,2
LF:1
LH:1
BRF:0
BRH:0
end_of_record
TN:
SF:src\pages\cliente\CarritoPage.jsx
FN:8,CarritoPage
FN:13,(anonymous_1)
FN:14,loadUserProducts
FN:19,(anonymous_3)
FNF:4
FNH:0
FNDA:0,CarritoPage
FNDA:0,(anonymous_1)
FNDA:0,loadUserProducts
FNDA:0,(anonymous_3)
DA:9,0
DA:10,0
DA:11,0
DA:13,0
DA:15,0
DA:16,0
DA:18,0
DA:19,0
DA:20,0
DA:23,0
DA:26,0
DA:31,0
LF:12
LH:0
BRF:0
BRH:0
end_of_record
TN:
SF:src\pages\cliente\ClientFavorites.jsx
FN:9,ClientFavorites
FN:13,(anonymous_1)
FN:14,(anonymous_2)
FN:18,(anonymous_3)
FN:28,(anonymous_4)
FN:29,loadProducts
FN:32,(anonymous_6)
FN:32,(anonymous_7)
FN:47,(anonymous_8)
FNF:9
FNH:9
FNDA:11,ClientFavorites
FNDA:5,(anonymous_1)
FNDA:5,(anonymous_2)
FNDA:9,(anonymous_3)
FNDA:8,(anonymous_4)
FNDA:8,loadProducts
FNDA:12,(anonymous_6)
FNDA:4,(anonymous_7)
FNDA:2,(anonymous_8)
DA:10,11
DA:11,10
DA:13,10
DA:14,5
DA:15,5
DA:16,5
DA:17,5
DA:18,9
DA:19,4
DA:21,1
DA:25,5
DA:28,10
DA:30,8
DA:31,8
DA:32,12
DA:33,6
DA:35,2
DA:39,8
DA:43,10
DA:48,2
LF:20
LH:20
BRF:0
BRH:0
end_of_record
TN:
SF:src\pages\cliente\ClientPage.jsx
FN:6,ClientPage
FNF:1
FNH:0
FNDA:0,ClientPage
DA:7,0
DA:8,0
DA:10,0
LF:3
LH:0
BRF:0
BRH:0
end_of_record
TN:
SF:src\pages\cliente\Nosotros.jsx
FN:7,Nosotros
FN:12,(anonymous_1)
FNF:2
FNH:2
FNDA:6,Nosotros
FNDA:1,(anonymous_1)
DA:9,6
DA:12,6
DA:13,1
DA:16,6
LF:4
LH:4
BRF:0
BRH:0
end_of_record
TN:
SF:src\pages\cliente\PedidosClientePage.jsx
FN:22,PedidosClientePage
FN:35,(anonymous_1)
FN:36,loadUserProducts
FN:61,(anonymous_3)
FN:68,(anonymous_4)
FNF:5
FNH:5
FNDA:24,PedidosClientePage
FNDA:7,(anonymous_1)
FNDA:7,loadUserProducts
FNDA:7,(anonymous_3)
FNDA:3,(anonymous_4)
DA:25,24
DA:27,24
DA:28,24
DA:29,24
DA:32,24
DA:35,24
DA:37,7
DA:38,7
DA:39,7
DA:44,7
DA:49,24
DA:61,24
DA:62,7
DA:68,24
DA:69,3
DA:70,3
DA:71,1
DA:72,1
DA:74,1
DA:75,1
DA:76,1
DA:77,1
DA:78,1
DA:79,1
DA:80,1
DA:91,24
LF:26
LH:26
BRDA:70,0,0,1
BRDA:70,0,1,1
BRDA:70,0,2,1
BRDA:93,1,0,24
BRDA:93,1,1,18
BRDA:191,2,0,24
BRDA:191,2,1,2
BRDA:192,3,0,24
BRDA:192,3,1,2
BRF:9
BRH:9
end_of_record
TN:
SF:src\pages\dashboard\BarrasIndicadoresUsuarios.jsx
FN:3,BarrasIndicadoresUsuarios
FNF:1
FNH:0
FNDA:0,BarrasIndicadoresUsuarios
DA:5,0
LF:1
LH:0
BRF:0
BRH:0
end_of_record
TN:
SF:src\pages\dashboard\BarrasProductosMasVendidos.jsx
FN:3,BarrasProductosMasVendidos
FNF:1
FNH:0
FNDA:0,BarrasProductosMasVendidos
DA:6,0
LF:1
LH:0
BRF:0
BRH:0
end_of_record
TN:
SF:src\pages\dashboard\Dashboard.jsx
FN:17,Dashboard
FN:26,(anonymous_1)
FN:27,loadProductosMasVendidos
FN:37,(anonymous_3)
FNF:4
FNH:0
FNDA:0,Dashboard
FNDA:0,(anonymous_1)
FNDA:0,loadProductosMasVendidos
FNDA:0,(anonymous_3)
DA:20,0
DA:21,0
DA:22,0
DA:23,0
DA:26,0
DA:28,0
DA:29,0
DA:30,0
DA:31,0
DA:32,0
DA:33,0
DA:37,0
DA:38,0
DA:44,0
DA:48,0
DA:56,0
LF:16
LH:0
BRDA:37,0,0,0
BRDA:37,0,1,0
BRF:2
BRH:0
end_of_record
TN:
SF:src\pages\dashboard\LineasVentasDiarias.jsx
FN:7,LineasVentasDiarias
FN:10,(anonymous_1)
FN:11,loadVentasDiarias
FN:21,(anonymous_3)
FN:24,(anonymous_4)
FN:42,(anonymous_5)
FN:65,(anonymous_6)
FNF:7
FNH:0
FNDA:0,LineasVentasDiarias
FNDA:0,(anonymous_1)
FNDA:0,loadVentasDiarias
FNDA:0,(anonymous_3)
FNDA:0,(anonymous_4)
FNDA:0,(anonymous_5)
FNDA:0,(anonymous_6)
DA:8,0
DA:10,0
DA:12,0
DA:14,0
DA:16,0
DA:21,0
DA:24,0
DA:27,0
DA:35,0
DA:44,0
DA:45,0
DA:66,0
LF:12
LH:0
BRF:0
BRH:0
end_of_record
TN:
SF:src\pages\dashboard\PieEstadoPedido.jsx
FN:5,PieEstadoPedido
FN:8,(anonymous_1)
FN:11,loadEstadosPedidos
FNF:3
FNH:0
FNDA:0,PieEstadoPedido
FNDA:0,(anonymous_1)
FNDA:0,loadEstadosPedidos
DA:6,0
DA:8,0
DA:12,0
DA:13,0
DA:16,0
DA:21,0
DA:30,0
LF:7
LH:0
BRDA:21,0,0,0
BRDA:21,0,1,0
BRDA:26,1,0,0
BRDA:26,1,1,0
BRDA:27,2,0,0
BRDA:27,2,1,0
BRF:6
BRH:0
end_of_record
TN:
SF:src\pages\dashboard\PiePago.jsx
FN:5,PiePago
FN:8,(anonymous_1)
FN:11,loadMetodosPago
FNF:3
FNH:0
FNDA:0,PiePago
FNDA:0,(anonymous_1)
FNDA:0,loadMetodosPago
DA:6,0
DA:8,0
DA:12,0
DA:13,0
DA:16,0
DA:20,0
DA:26,0
LF:7
LH:0
BRDA:20,0,0,0
BRDA:20,0,1,0
BRF:2
BRH:0
end_of_record
TN:
SF:src\pages\dashboard\TablaProductosMasVendidos.jsx
FN:8,TablaProductosMasVendidos
FN:13,(anonymous_1)
FN:14,loadTablaProductosMasVendidos
FN:30,(anonymous_3)
FN:31,(anonymous_4)
FN:44,(anonymous_5)
FN:49,(anonymous_6)
FN:56,(anonymous_7)
FN:63,(anonymous_8)
FN:69,(anonymous_9)
FN:76,(anonymous_10)
FN:94,(anonymous_11)
FN:95,(anonymous_12)
FNF:13
FNH:0
FNDA:0,TablaProductosMasVendidos
FNDA:0,(anonymous_1)
FNDA:0,loadTablaProductosMasVendidos
FNDA:0,(anonymous_3)
FNDA:0,(anonymous_4)
FNDA:0,(anonymous_5)
FNDA:0,(anonymous_6)
FNDA:0,(anonymous_7)
FNDA:0,(anonymous_8)
FNDA:0,(anonymous_9)
FNDA:0,(anonymous_10)
FNDA:0,(anonymous_11)
FNDA:0,(anonymous_12)
DA:11,0
DA:13,0
DA:15,0
DA:16,0
DA:17,0
DA:20,0
DA:26,0
DA:30,0
DA:31,0
DA:32,0
DA:36,0
DA:41,0
DA:44,0
DA:49,0
DA:56,0
DA:63,0
DA:69,0
DA:76,0
DA:83,0
DA:95,0
DA:97,0
DA:102,0
DA:104,0
LF:23
LH:0
BRDA:56,0,0,0
BRDA:56,0,1,0
BRF:2
BRH:0
end_of_record
TN:
SF:src\pages\dashboard\TablaVentasDiarias.jsx
FN:8,TableVentasDiarias
FN:13,(anonymous_1)
FN:14,loadVentasDiarias
FN:29,(anonymous_3)
FN:30,(anonymous_4)
FN:44,(anonymous_5)
FN:49,(anonymous_6)
FN:55,(anonymous_7)
FNF:8
FNH:0
FNDA:0,TableVentasDiarias
FNDA:0,(anonymous_1)
FNDA:0,loadVentasDiarias
FNDA:0,(anonymous_3)
FNDA:0,(anonymous_4)
FNDA:0,(anonymous_5)
FNDA:0,(anonymous_6)
FNDA:0,(anonymous_7)
DA:11,0
DA:13,0
DA:15,0
DA:16,0
DA:17,0
DA:19,0
DA:25,0
DA:29,0
DA:30,0
DA:31,0
DA:35,0
DA:41,0
DA:44,0
DA:49,0
DA:55,0
DA:62,0
LF:16
LH:0
BRF:0
BRH:0
end_of_record
TN:
SF:src\pages\dashboard\TableIndicadoresUsuario.jsx
FN:8,TableIndicadoresUsuario
FN:13,(anonymous_1)
FN:14,loadIndicadoreUsuario
FN:30,(anonymous_3)
FN:31,(anonymous_4)
FN:44,(anonymous_5)
FN:49,(anonymous_6)
FN:55,(anonymous_7)
FN:62,(anonymous_8)
FN:79,(anonymous_9)
FN:80,(anonymous_10)
FNF:11
FNH:0
FNDA:0,TableIndicadoresUsuario
FNDA:0,(anonymous_1)
FNDA:0,loadIndicadoreUsuario
FNDA:0,(anonymous_3)
FNDA:0,(anonymous_4)
FNDA:0,(anonymous_5)
FNDA:0,(anonymous_6)
FNDA:0,(anonymous_7)
FNDA:0,(anonymous_8)
FNDA:0,(anonymous_9)
FNDA:0,(anonymous_10)
DA:11,0
DA:13,0
DA:15,0
DA:16,0
DA:17,0
DA:20,0
DA:26,0
DA:30,0
DA:31,0
DA:32,0
DA:36,0
DA:41,0
DA:44,0
DA:49,0
DA:55,0
DA:62,0
DA:67,0
DA:80,0
DA:82,0
DA:87,0
DA:89,0
LF:21
LH:0
BRF:0
BRH:0
end_of_record
TN:
SF:src\pages\login\LoginFormPage.jsx
FN:12,LoginFormPage
FN:20,(anonymous_1)
FN:95,(anonymous_2)
FN:103,(anonymous_3)
FNF:4
FNH:0
FNDA:0,LoginFormPage
FNDA:0,(anonymous_1)
FNDA:0,(anonymous_2)
FNDA:0,(anonymous_3)
DA:13,0
DA:17,0
DA:20,0
DA:21,0
DA:23,0
DA:24,0
DA:25,0
DA:26,0
DA:27,0
DA:28,0
DA:29,0
DA:38,0
DA:39,0
DA:43,0
DA:50,0
DA:58,0
DA:95,0
DA:103,0
LF:18
LH:0
BRDA:25,0,0,0
BRDA:25,0,1,0
BRDA:38,1,0,0
BRDA:38,1,1,0
BRF:4
BRH:0
end_of_record
TN:
SF:src\pages\login\ProtectedRoute.jsx
FN:3,(anonymous_0)
FNF:1
FNH:0
FNDA:0,(anonymous_0)
DA:3,0
DA:4,0
DA:5,0
LF:3
LH:0
BRDA:5,0,0,0
BRDA:5,0,1,0
BRF:2
BRH:0
end_of_record
TN:
SF:src\pages\pedidos\PedidosFilterPage.jsx
FN:9,PedidosFilterPage
FN:14,(anonymous_1)
FN:15,fetchPedidos
FN:18,(anonymous_3)
FN:23,(anonymous_4)
FN:36,(anonymous_5)
FNF:6
FNH:0
FNDA:0,PedidosFilterPage
FNDA:0,(anonymous_1)
FNDA:0,fetchPedidos
FNDA:0,(anonymous_3)
FNDA:0,(anonymous_4)
FNDA:0,(anonymous_5)
DA:10,0
DA:11,0
DA:12,0
DA:14,0
DA:16,0
DA:17,0
DA:18,0
DA:19,0
DA:20,0
DA:23,0
DA:24,0
DA:25,0
DA:28,0
DA:32,0
DA:37,0
LF:15
LH:0
BRDA:17,0,0,0
BRDA:17,0,1,0
BRF:2
BRH:0
end_of_record
TN:
SF:src\pages\pedidos\PedidosPage.jsx
FN:6,PedidosPage
FNF:1
FNH:0
FNDA:0,PedidosPage
DA:7,0
LF:1
LH:0
BRF:0
BRH:0
end_of_record
TN:
SF:src\pages\pedidos\PedidosProductosPage.jsx
FN:12,PedidosProductosPage
FN:30,(anonymous_1)
FN:31,fetchPedidosProductos
FN:34,(anonymous_3)
FN:45,(anonymous_4)
FN:46,calculateTotalPrice
FN:60,(anonymous_6)
FN:61,(anonymous_7)
FN:74,(anonymous_8)
FN:75,(anonymous_9)
FN:87,(anonymous_10)
FN:100,(anonymous_11)
FN:107,(anonymous_12)
FN:125,(anonymous_13)
FN:150,(anonymous_14)
FN:165,(anonymous_15)
FNF:16
FNH:0
FNDA:0,PedidosProductosPage
FNDA:0,(anonymous_1)
FNDA:0,fetchPedidosProductos
FNDA:0,(anonymous_3)
FNDA:0,(anonymous_4)
FNDA:0,calculateTotalPrice
FNDA:0,(anonymous_6)
FNDA:0,(anonymous_7)
FNDA:0,(anonymous_8)
FNDA:0,(anonymous_9)
FNDA:0,(anonymous_10)
FNDA:0,(anonymous_11)
FNDA:0,(anonymous_12)
FNDA:0,(anonymous_13)
FNDA:0,(anonymous_14)
FNDA:0,(anonymous_15)
DA:14,0
DA:15,0
DA:16,0
DA:18,0
DA:19,0
DA:20,0
DA:21,0
DA:30,0
DA:32,0
DA:33,0
DA:34,0
DA:35,0
DA:37,0
DA:41,0
DA:45,0
DA:47,0
DA:48,0
DA:49,0
DA:50,0
DA:52,0
DA:55,0
DA:56,0
DA:60,0
DA:61,0
DA:62,0
DA:63,0
DA:64,0
DA:66,0
DA:70,0
DA:74,0
DA:75,0
DA:76,0
DA:77,0
DA:78,0
DA:80,0
DA:84,0
DA:87,0
DA:88,0
DA:89,0
DA:98,0
DA:99,0
DA:100,0
DA:101,0
DA:103,0
DA:107,0
DA:108,0
DA:109,0
DA:110,0
DA:111,0
DA:112,0
DA:116,0
DA:118,0
DA:119,0
DA:125,0
DA:126,0
DA:130,0
DA:151,0
DA:166,0
DA:167,0
LF:59
LH:0
BRDA:55,0,0,0
BRDA:55,0,1,0
BRF:2
BRH:0
end_of_record
TN:
SF:src\pages\products\ProductFormPage.jsx
FN:9,ProductFormPage
FN:16,(anonymous_1)
FN:20,(anonymous_2)
FN:63,(anonymous_3)
FN:70,(anonymous_4)
FN:71,loadProduct
FN:76,(anonymous_6)
FN:177,(anonymous_7)
FNF:8
FNH:0
FNDA:0,ProductFormPage
FNDA:0,(anonymous_1)
FNDA:0,(anonymous_2)
FNDA:0,(anonymous_3)
FNDA:0,(anonymous_4)
FNDA:0,loadProduct
FNDA:0,(anonymous_6)
FNDA:0,(anonymous_7)
DA:10,0
DA:11,0
DA:12,0
DA:14,0
DA:16,0
DA:17,0
DA:18,0
DA:19,0
DA:20,0
DA:22,0
DA:23,0
DA:33,0
DA:34,0
DA:35,0
DA:40,0
DA:41,0
DA:46,0
DA:49,0
DA:55,0
DA:63,0
DA:64,0
DA:70,0
DA:72,0
DA:73,0
DA:74,0
DA:75,0
DA:76,0
DA:78,0
DA:79,0
DA:80,0
DA:81,0
DA:82,0
DA:83,0
DA:88,0
DA:91,0
DA:178,0
DA:179,0
DA:180,0
DA:181,0
DA:182,0
DA:186,0
DA:188,0
LF:42
LH:0
BRDA:22,0,0,0
BRDA:22,0,1,0
BRDA:33,1,0,0
BRDA:33,1,1,0
BRDA:72,2,0,0
BRDA:72,2,1,0
BRDA:174,3,0,0
BRDA:174,3,1,0
BRDA:179,4,0,0
BRDA:179,4,1,0
BRF:10
BRH:0
end_of_record
TN:
SF:src\pages\products\ProductPage.jsx
FN:5,ProductPage
FNF:1
FNH:0
FNDA:0,ProductPage
DA:6,0
DA:7,0
DA:8,0
DA:9,0
LF:4
LH:0
BRF:0
BRH:0
end_of_record
TN:
SF:src\pages\users\UserFormPage.jsx
FN:11,UserFormPage
FN:22,(anonymous_1)
FN:28,(anonymous_2)
FN:102,(anonymous_3)
FN:103,loadUser
FN:160,(anonymous_5)
FN:176,(anonymous_6)
FNF:7
FNH:0
FNDA:0,UserFormPage
FNDA:0,(anonymous_1)
FNDA:0,(anonymous_2)
FNDA:0,(anonymous_3)
FNDA:0,loadUser
FNDA:0,(anonymous_5)
FNDA:0,(anonymous_6)
DA:12,0
DA:14,0
DA:16,0
DA:18,0
DA:21,0
DA:22,0
DA:23,0
DA:28,0
DA:30,0
DA:39,0
DA:40,0
DA:42,0
DA:44,0
DA:45,0
DA:46,0
DA:55,0
DA:67,0
DA:68,0
DA:69,0
DA:70,0
DA:80,0
DA:82,0
DA:97,0
DA:102,0
DA:104,0
DA:105,0
DA:106,0
DA:108,0
DA:109,0
DA:110,0
DA:121,0
DA:124,0
DA:161,0
DA:162,0
DA:177,0
DA:178,0
DA:179,0
DA:180,0
DA:181,0
DA:188,0
DA:190,0
DA:191,0
LF:42
LH:0
BRDA:34,0,0,0
BRDA:34,0,1,0
BRDA:40,1,0,0
BRDA:40,1,1,0
BRDA:80,2,0,0
BRDA:80,2,1,0
BRDA:105,3,0,0
BRDA:105,3,1,0
BRDA:111,4,0,0
BRDA:111,4,1,0
BRDA:113,5,0,0
BRDA:113,5,1,0
BRDA:155,6,0,0
BRDA:155,6,1,0
BRDA:156,7,0,0
BRDA:156,7,1,0
BRDA:159,8,0,0
BRDA:159,8,1,0
BRDA:161,9,0,0
BRDA:161,9,1,0
BRDA:161,10,0,0
BRDA:161,10,1,0
BRDA:162,11,0,0
BRDA:162,11,1,0
BRDA:166,12,0,0
BRDA:166,12,1,0
BRDA:172,13,0,0
BRDA:172,13,1,0
BRDA:178,14,0,0
BRDA:178,14,1,0
BRF:30
BRH:0
end_of_record
TN:
SF:src\pages\users\UserPage.jsx
FN:5,UserPage
FNF:1
FNH:0
FNDA:0,UserPage
DA:6,0
DA:7,0
DA:9,0
LF:3
LH:0
BRF:0
BRH:0
end_of_record
TN:
SF:src\services\authService.js
FN:8,(anonymous_0)
FN:29,(anonymous_1)
FN:38,(anonymous_2)
FN:45,(anonymous_3)
FNF:4
FNH:0
FNDA:0,(anonymous_0)
FNDA:0,(anonymous_1)
FNDA:0,(anonymous_2)
FNDA:0,(anonymous_3)
DA:7,0
DA:9,0
DA:10,0
DA:22,0
DA:23,0
DA:25,0
DA:30,0
DA:31,0
DA:32,0
DA:34,0
DA:42,0
DA:43,0
DA:45,0
DA:46,0
DA:54,0
DA:55,0
DA:58,0
DA:61,0
DA:62,0
DA:63,0
DA:65,0
DA:68,0
DA:69,0
DA:71,0
DA:73,0
DA:74,0
DA:76,0
LF:27
LH:0
BRF:0
BRH:0
end_of_record
